{"/app/src/App.tsx": {"path":"/app/src/App.tsx","statementMap":{"0":{"start":{"line":8,"column":6},"end":{"line":10,"column":null}},"1":{"start":{"line":9,"column":2},"end":{"line":9,"column":null}},"2":{"start":{"line":9,"column":67},"end":{"line":9,"column":null}},"3":{"start":{"line":11,"column":6},"end":{"line":15,"column":null}},"4":{"start":{"line":12,"column":2},"end":{"line":14,"column":null}},"5":{"start":{"line":12,"column":68},"end":{"line":14,"column":4}},"6":{"start":{"line":16,"column":6},"end":{"line":20,"column":null}},"7":{"start":{"line":17,"column":2},"end":{"line":19,"column":null}},"8":{"start":{"line":17,"column":75},"end":{"line":19,"column":4}},"9":{"start":{"line":21,"column":6},"end":{"line":25,"column":null}},"10":{"start":{"line":22,"column":2},"end":{"line":24,"column":null}},"11":{"start":{"line":22,"column":66},"end":{"line":24,"column":4}},"12":{"start":{"line":26,"column":6},"end":{"line":28,"column":null}},"13":{"start":{"line":27,"column":2},"end":{"line":27,"column":null}},"14":{"start":{"line":27,"column":66},"end":{"line":27,"column":null}},"15":{"start":{"line":29,"column":6},"end":{"line":33,"column":null}},"16":{"start":{"line":30,"column":2},"end":{"line":32,"column":null}},"17":{"start":{"line":30,"column":67},"end":{"line":32,"column":4}},"18":{"start":{"line":37,"column":2},"end":{"line":78,"column":null}}},"fnMap":{"0":{"name":"(anonymous_0)","decl":{"start":{"line":8,"column":26},"end":{"line":8,"column":null}},"loc":{"start":{"line":9,"column":2},"end":{"line":9,"column":null}},"line":9},"1":{"name":"(anonymous_1)","decl":{"start":{"line":9,"column":53},"end":{"line":9,"column":65}},"loc":{"start":{"line":9,"column":67},"end":{"line":9,"column":null}},"line":9},"2":{"name":"(anonymous_2)","decl":{"start":{"line":11,"column":29},"end":{"line":11,"column":null}},"loc":{"start":{"line":12,"column":2},"end":{"line":14,"column":null}},"line":12},"3":{"name":"(anonymous_3)","decl":{"start":{"line":12,"column":56},"end":{"line":12,"column":68}},"loc":{"start":{"line":12,"column":68},"end":{"line":14,"column":4}},"line":12},"4":{"name":"(anonymous_4)","decl":{"start":{"line":16,"column":36},"end":{"line":16,"column":null}},"loc":{"start":{"line":17,"column":2},"end":{"line":19,"column":null}},"line":17},"5":{"name":"(anonymous_5)","decl":{"start":{"line":17,"column":63},"end":{"line":17,"column":75}},"loc":{"start":{"line":17,"column":75},"end":{"line":19,"column":4}},"line":17},"6":{"name":"(anonymous_6)","decl":{"start":{"line":21,"column":27},"end":{"line":21,"column":null}},"loc":{"start":{"line":22,"column":2},"end":{"line":24,"column":null}},"line":22},"7":{"name":"(anonymous_7)","decl":{"start":{"line":22,"column":54},"end":{"line":22,"column":66}},"loc":{"start":{"line":22,"column":66},"end":{"line":24,"column":4}},"line":22},"8":{"name":"(anonymous_8)","decl":{"start":{"line":26,"column":25},"end":{"line":26,"column":null}},"loc":{"start":{"line":27,"column":2},"end":{"line":27,"column":null}},"line":27},"9":{"name":"(anonymous_9)","decl":{"start":{"line":27,"column":52},"end":{"line":27,"column":64}},"loc":{"start":{"line":27,"column":66},"end":{"line":27,"column":null}},"line":27},"10":{"name":"(anonymous_10)","decl":{"start":{"line":29,"column":28},"end":{"line":29,"column":null}},"loc":{"start":{"line":30,"column":2},"end":{"line":32,"column":null}},"line":30},"11":{"name":"(anonymous_11)","decl":{"start":{"line":30,"column":55},"end":{"line":30,"column":67}},"loc":{"start":{"line":30,"column":67},"end":{"line":32,"column":4}},"line":30},"12":{"name":"App","decl":{"start":{"line":36,"column":9},"end":{"line":36,"column":15}},"loc":{"start":{"line":36,"column":15},"end":{"line":80,"column":null}},"line":36}},"branchMap":{},"s":{"0":1,"1":1,"2":0,"3":1,"4":1,"5":0,"6":1,"7":1,"8":0,"9":1,"10":1,"11":0,"12":1,"13":1,"14":0,"15":1,"16":1,"17":0,"18":2},"f":{"0":1,"1":0,"2":1,"3":0,"4":1,"5":0,"6":1,"7":0,"8":1,"9":0,"10":1,"11":0,"12":2},"b":{},"meta":{"lastBranch":0,"lastFunction":13,"lastStatement":19,"seen":{"s:8:6:10:Infinity":0,"f:8:26:8:Infinity":0,"s:9:2:9:Infinity":1,"f:9:53:9:65":1,"s:9:67:9:Infinity":2,"s:11:6:15:Infinity":3,"f:11:29:11:Infinity":2,"s:12:2:14:Infinity":4,"f:12:56:12:68":3,"s:12:68:14:4":5,"s:16:6:20:Infinity":6,"f:16:36:16:Infinity":4,"s:17:2:19:Infinity":7,"f:17:63:17:75":5,"s:17:75:19:4":8,"s:21:6:25:Infinity":9,"f:21:27:21:Infinity":6,"s:22:2:24:Infinity":10,"f:22:54:22:66":7,"s:22:66:24:4":11,"s:26:6:28:Infinity":12,"f:26:25:26:Infinity":8,"s:27:2:27:Infinity":13,"f:27:52:27:64":9,"s:27:66:27:Infinity":14,"s:29:6:33:Infinity":15,"f:29:28:29:Infinity":10,"s:30:2:32:Infinity":16,"f:30:55:30:67":11,"s:30:67:32:4":17,"f:36:9:36:15":12,"s:37:2:78:Infinity":18}}}
,"/app/src/components/animations/CyclicText.tsx": {"path":"/app/src/components/animations/CyclicText.tsx","statementMap":{"0":{"start":{"line":11,"column":26},"end":{"line":64,"column":null}},"1":{"start":{"line":17,"column":38},"end":{"line":17,"column":null}},"2":{"start":{"line":19,"column":2},"end":{"line":27,"column":null}},"3":{"start":{"line":20,"column":4},"end":{"line":20,"column":null}},"4":{"start":{"line":20,"column":27},"end":{"line":20,"column":null}},"5":{"start":{"line":22,"column":18},"end":{"line":24,"column":null}},"6":{"start":{"line":23,"column":6},"end":{"line":23,"column":null}},"7":{"start":{"line":23,"column":23},"end":{"line":23,"column":57}},"8":{"start":{"line":26,"column":4},"end":{"line":26,"column":null}},"9":{"start":{"line":26,"column":17},"end":{"line":26,"column":null}},"10":{"start":{"line":29,"column":24},"end":{"line":42,"column":null}},"11":{"start":{"line":44,"column":2},"end":{"line":62,"column":null}}},"fnMap":{"0":{"name":"(anonymous_0)","decl":{"start":{"line":11,"column":26},"end":{"line":11,"column":27}},"loc":{"start":{"line":16,"column":23},"end":{"line":64,"column":null}},"line":16},"1":{"name":"(anonymous_1)","decl":{"start":{"line":19,"column":12},"end":{"line":19,"column":18}},"loc":{"start":{"line":19,"column":18},"end":{"line":27,"column":5}},"line":19},"2":{"name":"(anonymous_2)","decl":{"start":{"line":22,"column":30},"end":{"line":22,"column":36}},"loc":{"start":{"line":22,"column":36},"end":{"line":24,"column":7}},"line":22},"3":{"name":"(anonymous_3)","decl":{"start":{"line":23,"column":22},"end":{"line":23,"column":23}},"loc":{"start":{"line":23,"column":23},"end":{"line":23,"column":57}},"line":23},"4":{"name":"(anonymous_4)","decl":{"start":{"line":26,"column":11},"end":{"line":26,"column":17}},"loc":{"start":{"line":26,"column":17},"end":{"line":26,"column":null}},"line":26}},"branchMap":{"0":{"loc":{"start":{"line":13,"column":2},"end":{"line":13,"column":null}},"type":"default-arg","locations":[{"start":{"line":13,"column":13},"end":{"line":13,"column":null}}],"line":13},"1":{"loc":{"start":{"line":14,"column":2},"end":{"line":14,"column":null}},"type":"default-arg","locations":[{"start":{"line":14,"column":14},"end":{"line":14,"column":null}}],"line":14},"2":{"loc":{"start":{"line":15,"column":2},"end":{"line":15,"column":null}},"type":"default-arg","locations":[{"start":{"line":15,"column":22},"end":{"line":15,"column":null}}],"line":15},"3":{"loc":{"start":{"line":20,"column":4},"end":{"line":20,"column":null}},"type":"if","locations":[{"start":{"line":20,"column":4},"end":{"line":20,"column":null}},{"start":{},"end":{}}],"line":20}},"s":{"0":1,"1":1,"2":1,"3":1,"4":0,"5":1,"6":0,"7":0,"8":1,"9":1,"10":1,"11":1},"f":{"0":1,"1":1,"2":0,"3":0,"4":1},"b":{"0":[1],"1":[1],"2":[1],"3":[0,1]},"meta":{"lastBranch":4,"lastFunction":5,"lastStatement":12,"seen":{"s:11:26:64:Infinity":0,"f:11:26:11:27":0,"b:13:13:13:Infinity":0,"b:14:14:14:Infinity":1,"b:15:22:15:Infinity":2,"s:17:38:17:Infinity":1,"s:19:2:27:Infinity":2,"f:19:12:19:18":1,"b:20:4:20:Infinity:undefined:undefined:undefined:undefined":3,"s:20:4:20:Infinity":3,"s:20:27:20:Infinity":4,"s:22:18:24:Infinity":5,"f:22:30:22:36":2,"s:23:6:23:Infinity":6,"f:23:22:23:23":3,"s:23:23:23:57":7,"s:26:4:26:Infinity":8,"f:26:11:26:17":4,"s:26:17:26:Infinity":9,"s:29:24:42:Infinity":10,"s:44:2:62:Infinity":11}}}
,"/app/src/components/animations/FadeInOnScroll.tsx": {"path":"/app/src/components/animations/FadeInOnScroll.tsx","statementMap":{"0":{"start":{"line":16,"column":30},"end":{"line":76,"column":null}},"1":{"start":{"line":26,"column":8},"end":{"line":26,"column":null}},"2":{"start":{"line":27,"column":8},"end":{"line":30,"column":null}},"3":{"start":{"line":32,"column":29},"end":{"line":45,"column":null}},"4":{"start":{"line":33,"column":4},"end":{"line":44,"column":null}},"5":{"start":{"line":35,"column":8},"end":{"line":35,"column":null}},"6":{"start":{"line":37,"column":8},"end":{"line":37,"column":null}},"7":{"start":{"line":39,"column":8},"end":{"line":39,"column":null}},"8":{"start":{"line":41,"column":8},"end":{"line":41,"column":null}},"9":{"start":{"line":43,"column":8},"end":{"line":43,"column":null}},"10":{"start":{"line":47,"column":19},"end":{"line":63,"column":null}},"11":{"start":{"line":65,"column":2},"end":{"line":74,"column":null}},"12":{"start":{"line":79,"column":27},"end":{"line":103,"column":null}},"13":{"start":{"line":86,"column":24},"end":{"line":96,"column":null}},"14":{"start":{"line":98,"column":2},"end":{"line":101,"column":null}}},"fnMap":{"0":{"name":"(anonymous_0)","decl":{"start":{"line":16,"column":30},"end":{"line":16,"column":31}},"loc":{"start":{"line":25,"column":27},"end":{"line":76,"column":null}},"line":25},"1":{"name":"(anonymous_1)","decl":{"start":{"line":32,"column":29},"end":{"line":32,"column":35}},"loc":{"start":{"line":32,"column":35},"end":{"line":45,"column":null}},"line":32},"2":{"name":"(anonymous_2)","decl":{"start":{"line":79,"column":27},"end":{"line":79,"column":28}},"loc":{"start":{"line":85,"column":6},"end":{"line":103,"column":null}},"line":85}},"branchMap":{"0":{"loc":{"start":{"line":18,"column":2},"end":{"line":18,"column":null}},"type":"default-arg","locations":[{"start":{"line":18,"column":10},"end":{"line":18,"column":null}}],"line":18},"1":{"loc":{"start":{"line":19,"column":2},"end":{"line":19,"column":null}},"type":"default-arg","locations":[{"start":{"line":19,"column":13},"end":{"line":19,"column":null}}],"line":19},"2":{"loc":{"start":{"line":20,"column":2},"end":{"line":20,"column":null}},"type":"default-arg","locations":[{"start":{"line":20,"column":14},"end":{"line":20,"column":null}}],"line":20},"3":{"loc":{"start":{"line":21,"column":2},"end":{"line":21,"column":null}},"type":"default-arg","locations":[{"start":{"line":21,"column":13},"end":{"line":21,"column":null}}],"line":21},"4":{"loc":{"start":{"line":22,"column":2},"end":{"line":22,"column":null}},"type":"default-arg","locations":[{"start":{"line":22,"column":14},"end":{"line":22,"column":null}}],"line":22},"5":{"loc":{"start":{"line":23,"column":2},"end":{"line":23,"column":null}},"type":"default-arg","locations":[{"start":{"line":23,"column":12},"end":{"line":23,"column":null}}],"line":23},"6":{"loc":{"start":{"line":24,"column":2},"end":{"line":24,"column":null}},"type":"default-arg","locations":[{"start":{"line":24,"column":17},"end":{"line":24,"column":null}}],"line":24},"7":{"loc":{"start":{"line":33,"column":4},"end":{"line":44,"column":null}},"type":"switch","locations":[{"start":{"line":34,"column":6},"end":{"line":35,"column":null}},{"start":{"line":36,"column":6},"end":{"line":37,"column":null}},{"start":{"line":38,"column":6},"end":{"line":39,"column":null}},{"start":{"line":40,"column":6},"end":{"line":41,"column":null}},{"start":{"line":42,"column":6},"end":{"line":43,"column":null}}],"line":33},"8":{"loc":{"start":{"line":57,"column":12},"end":{"line":60,"column":null}},"type":"binary-expr","locations":[{"start":{"line":57,"column":12},"end":{"line":57,"column":23}},{"start":{"line":57,"column":23},"end":{"line":60,"column":null}}],"line":57},"9":{"loc":{"start":{"line":70,"column":15},"end":{"line":70,"column":null}},"type":"cond-expr","locations":[{"start":{"line":70,"column":26},"end":{"line":70,"column":38}},{"start":{"line":70,"column":38},"end":{"line":70,"column":null}}],"line":70},"10":{"loc":{"start":{"line":81,"column":2},"end":{"line":81,"column":null}},"type":"default-arg","locations":[{"start":{"line":81,"column":14},"end":{"line":81,"column":null}}],"line":81}},"s":{"0":2,"1":10,"2":10,"3":10,"4":10,"5":10,"6":0,"7":0,"8":0,"9":0,"10":10,"11":10,"12":2,"13":16,"14":16},"f":{"0":10,"1":10,"2":16},"b":{"0":[10],"1":[10],"2":[10],"3":[10],"4":[10],"5":[10],"6":[10],"7":[10,0,0,0,0],"8":[10,0],"9":[0,10],"10":[16]},"meta":{"lastBranch":11,"lastFunction":3,"lastStatement":15,"seen":{"s:16:30:76:Infinity":0,"f:16:30:16:31":0,"b:18:10:18:Infinity":0,"b:19:13:19:Infinity":1,"b:20:14:20:Infinity":2,"b:21:13:21:Infinity":3,"b:22:14:22:Infinity":4,"b:23:12:23:Infinity":5,"b:24:17:24:Infinity":6,"s:26:8:26:Infinity":1,"s:27:8:30:Infinity":2,"s:32:29:45:Infinity":3,"f:32:29:32:35":1,"b:34:6:35:Infinity:36:6:37:Infinity:38:6:39:Infinity:40:6:41:Infinity:42:6:43:Infinity":7,"s:33:4:44:Infinity":4,"s:35:8:35:Infinity":5,"s:37:8:37:Infinity":6,"s:39:8:39:Infinity":7,"s:41:8:41:Infinity":8,"s:43:8:43:Infinity":9,"s:47:19:63:Infinity":10,"b:57:12:57:23:57:23:60:Infinity":8,"s:65:2:74:Infinity":11,"b:70:26:70:38:70:38:70:Infinity":9,"s:79:27:103:Infinity":12,"f:79:27:79:28":2,"b:81:14:81:Infinity":10,"s:86:24:96:Infinity":13,"s:98:2:101:Infinity":14}}}
,"/app/src/components/animations/HoverLift.tsx": {"path":"/app/src/components/animations/HoverLift.tsx","statementMap":{"0":{"start":{"line":12,"column":25},"end":{"line":79,"column":null}},"1":{"start":{"line":19,"column":32},"end":{"line":19,"column":null}},"2":{"start":{"line":21,"column":22},"end":{"line":25,"column":null}},"3":{"start":{"line":27,"column":19},"end":{"line":46,"column":null}},"4":{"start":{"line":48,"column":2},"end":{"line":50,"column":null}},"5":{"start":{"line":49,"column":4},"end":{"line":49,"column":null}},"6":{"start":{"line":52,"column":2},"end":{"line":77,"column":null}},"7":{"start":{"line":57,"column":26},"end":{"line":57,"column":null}},"8":{"start":{"line":58,"column":24},"end":{"line":58,"column":null}},"9":{"start":{"line":82,"column":32},"end":{"line":98,"column":null}},"10":{"start":{"line":89,"column":2},"end":{"line":96,"column":null}},"11":{"start":{"line":101,"column":30},"end":{"line":113,"column":null}},"12":{"start":{"line":108,"column":2},"end":{"line":111,"column":null}}},"fnMap":{"0":{"name":"(anonymous_0)","decl":{"start":{"line":12,"column":25},"end":{"line":12,"column":26}},"loc":{"start":{"line":18,"column":22},"end":{"line":79,"column":null}},"line":18},"1":{"name":"(anonymous_1)","decl":{"start":{"line":57,"column":20},"end":{"line":57,"column":26}},"loc":{"start":{"line":57,"column":26},"end":{"line":57,"column":null}},"line":57},"2":{"name":"(anonymous_2)","decl":{"start":{"line":58,"column":18},"end":{"line":58,"column":24}},"loc":{"start":{"line":58,"column":24},"end":{"line":58,"column":null}},"line":58},"3":{"name":"(anonymous_3)","decl":{"start":{"line":82,"column":32},"end":{"line":82,"column":33}},"loc":{"start":{"line":88,"column":6},"end":{"line":98,"column":null}},"line":88},"4":{"name":"(anonymous_4)","decl":{"start":{"line":101,"column":30},"end":{"line":101,"column":31}},"loc":{"start":{"line":107,"column":6},"end":{"line":113,"column":null}},"line":107}},"branchMap":{"0":{"loc":{"start":{"line":14,"column":2},"end":{"line":14,"column":null}},"type":"default-arg","locations":[{"start":{"line":14,"column":14},"end":{"line":14,"column":null}}],"line":14},"1":{"loc":{"start":{"line":15,"column":2},"end":{"line":15,"column":null}},"type":"default-arg","locations":[{"start":{"line":15,"column":15},"end":{"line":15,"column":null}}],"line":15},"2":{"loc":{"start":{"line":16,"column":2},"end":{"line":16,"column":null}},"type":"default-arg","locations":[{"start":{"line":16,"column":18},"end":{"line":16,"column":null}}],"line":16},"3":{"loc":{"start":{"line":17,"column":2},"end":{"line":17,"column":null}},"type":"default-arg","locations":[{"start":{"line":17,"column":13},"end":{"line":17,"column":null}}],"line":17},"4":{"loc":{"start":{"line":48,"column":2},"end":{"line":50,"column":null}},"type":"if","locations":[{"start":{"line":48,"column":2},"end":{"line":50,"column":null}},{"start":{},"end":{}}],"line":48},"5":{"loc":{"start":{"line":68,"column":7},"end":{"line":75,"column":null}},"type":"binary-expr","locations":[{"start":{"line":68,"column":7},"end":{"line":68,"column":null}},{"start":{"line":69,"column":8},"end":{"line":75,"column":null}}],"line":68},"6":{"loc":{"start":{"line":84,"column":2},"end":{"line":84,"column":null}},"type":"default-arg","locations":[{"start":{"line":84,"column":14},"end":{"line":84,"column":null}}],"line":84},"7":{"loc":{"start":{"line":103,"column":2},"end":{"line":103,"column":null}},"type":"default-arg","locations":[{"start":{"line":103,"column":14},"end":{"line":103,"column":null}}],"line":103}},"s":{"0":1,"1":8,"2":8,"3":8,"4":8,"5":0,"6":8,"7":0,"8":0,"9":1,"10":0,"11":1,"12":8},"f":{"0":8,"1":0,"2":0,"3":0,"4":8},"b":{"0":[8],"1":[8],"2":[8],"3":[8],"4":[0,8],"5":[8,0],"6":[0],"7":[8]},"meta":{"lastBranch":8,"lastFunction":5,"lastStatement":13,"seen":{"s:12:25:79:Infinity":0,"f:12:25:12:26":0,"b:14:14:14:Infinity":0,"b:15:15:15:Infinity":1,"b:16:18:16:Infinity":2,"b:17:13:17:Infinity":3,"s:19:32:19:Infinity":1,"s:21:22:25:Infinity":2,"s:27:19:46:Infinity":3,"b:48:2:50:Infinity:undefined:undefined:undefined:undefined":4,"s:48:2:50:Infinity":4,"s:49:4:49:Infinity":5,"s:52:2:77:Infinity":6,"f:57:20:57:26":1,"s:57:26:57:Infinity":7,"f:58:18:58:24":2,"s:58:24:58:Infinity":8,"b:68:7:68:Infinity:69:8:75:Infinity":5,"s:82:32:98:Infinity":9,"f:82:32:82:33":3,"b:84:14:84:Infinity":6,"s:89:2:96:Infinity":10,"s:101:30:113:Infinity":11,"f:101:30:101:31":4,"b:103:14:103:Infinity":7,"s:108:2:111:Infinity":12}}}
,"/app/src/components/animations/ParticleBackground.tsx": {"path":"/app/src/components/animations/ParticleBackground.tsx","statementMap":{"0":{"start":{"line":25,"column":34},"end":{"line":175,"column":null}},"1":{"start":{"line":34,"column":32},"end":{"line":34,"column":null}},"2":{"start":{"line":35,"column":40},"end":{"line":35,"column":null}},"3":{"start":{"line":36,"column":34},"end":{"line":36,"column":null}},"4":{"start":{"line":39,"column":8},"end":{"line":50,"column":null}},"5":{"start":{"line":40,"column":4},"end":{"line":49,"column":null}},"6":{"start":{"line":40,"column":60},"end":{"line":49,"column":6}},"7":{"start":{"line":52,"column":2},"end":{"line":63,"column":null}},"8":{"start":{"line":53,"column":29},"end":{"line":58,"column":null}},"9":{"start":{"line":54,"column":6},"end":{"line":57,"column":null}},"10":{"start":{"line":60,"column":4},"end":{"line":60,"column":null}},"11":{"start":{"line":61,"column":4},"end":{"line":61,"column":null}},"12":{"start":{"line":62,"column":4},"end":{"line":62,"column":null}},"13":{"start":{"line":62,"column":17},"end":{"line":62,"column":null}},"14":{"start":{"line":65,"column":2},"end":{"line":67,"column":null}},"15":{"start":{"line":66,"column":4},"end":{"line":66,"column":null}},"16":{"start":{"line":69,"column":2},"end":{"line":80,"column":null}},"17":{"start":{"line":70,"column":28},"end":{"line":74,"column":null}},"18":{"start":{"line":71,"column":6},"end":{"line":73,"column":null}},"19":{"start":{"line":72,"column":8},"end":{"line":72,"column":null}},"20":{"start":{"line":76,"column":4},"end":{"line":79,"column":null}},"21":{"start":{"line":77,"column":6},"end":{"line":77,"column":null}},"22":{"start":{"line":78,"column":6},"end":{"line":78,"column":null}},"23":{"start":{"line":78,"column":19},"end":{"line":78,"column":null}},"24":{"start":{"line":82,"column":2},"end":{"line":119,"column":null}},"25":{"start":{"line":83,"column":29},"end":{"line":115,"column":null}},"26":{"start":{"line":84,"column":6},"end":{"line":114,"column":null}},"27":{"start":{"line":85,"column":8},"end":{"line":113,"column":null}},"28":{"start":{"line":86,"column":21},"end":{"line":86,"column":null}},"29":{"start":{"line":87,"column":21},"end":{"line":87,"column":null}},"30":{"start":{"line":90,"column":10},"end":{"line":100,"column":null}},"31":{"start":{"line":91,"column":23},"end":{"line":91,"column":null}},"32":{"start":{"line":92,"column":23},"end":{"line":92,"column":null}},"33":{"start":{"line":93,"column":29},"end":{"line":93,"column":null}},"34":{"start":{"line":95,"column":12},"end":{"line":99,"column":null}},"35":{"start":{"line":96,"column":20},"end":{"line":96,"column":null}},"36":{"start":{"line":97,"column":14},"end":{"line":97,"column":null}},"37":{"start":{"line":98,"column":14},"end":{"line":98,"column":null}},"38":{"start":{"line":103,"column":10},"end":{"line":103,"column":null}},"39":{"start":{"line":103,"column":24},"end":{"line":103,"column":null}},"40":{"start":{"line":104,"column":10},"end":{"line":104,"column":null}},"41":{"start":{"line":104,"column":39},"end":{"line":104,"column":null}},"42":{"start":{"line":105,"column":10},"end":{"line":105,"column":null}},"43":{"start":{"line":105,"column":24},"end":{"line":105,"column":null}},"44":{"start":{"line":106,"column":10},"end":{"line":106,"column":null}},"45":{"start":{"line":106,"column":40},"end":{"line":106,"column":null}},"46":{"start":{"line":108,"column":10},"end":{"line":112,"column":null}},"47":{"start":{"line":117,"column":23},"end":{"line":117,"column":null}},"48":{"start":{"line":118,"column":4},"end":{"line":118,"column":null}},"49":{"start":{"line":118,"column":17},"end":{"line":118,"column":null}},"50":{"start":{"line":121,"column":2},"end":{"line":173,"column":null}},"51":{"start":{"line":125,"column":10},"end":{"line":144,"column":null}},"52":{"start":{"line":149,"column":10},"end":{"line":170,"column":null}},"53":{"start":{"line":150,"column":29},"end":{"line":152,"column":null}},"54":{"start":{"line":154,"column":12},"end":{"line":168,"column":null}},"55":{"start":{"line":155,"column":20},"end":{"line":155,"column":null}},"56":{"start":{"line":156,"column":14},"end":{"line":166,"column":null}},"57":{"start":{"line":169,"column":12},"end":{"line":169,"column":null}}},"fnMap":{"0":{"name":"(anonymous_0)","decl":{"start":{"line":25,"column":34},"end":{"line":25,"column":35}},"loc":{"start":{"line":33,"column":31},"end":{"line":175,"column":null}},"line":33},"1":{"name":"(anonymous_1)","decl":{"start":{"line":39,"column":38},"end":{"line":39,"column":44}},"loc":{"start":{"line":39,"column":44},"end":{"line":50,"column":5}},"line":39},"2":{"name":"(anonymous_2)","decl":{"start":{"line":40,"column":49},"end":{"line":40,"column":50}},"loc":{"start":{"line":40,"column":60},"end":{"line":49,"column":6}},"line":40},"3":{"name":"(anonymous_3)","decl":{"start":{"line":52,"column":12},"end":{"line":52,"column":18}},"loc":{"start":{"line":52,"column":18},"end":{"line":63,"column":5}},"line":52},"4":{"name":"(anonymous_4)","decl":{"start":{"line":53,"column":29},"end":{"line":53,"column":35}},"loc":{"start":{"line":53,"column":35},"end":{"line":58,"column":null}},"line":53},"5":{"name":"(anonymous_5)","decl":{"start":{"line":62,"column":11},"end":{"line":62,"column":17}},"loc":{"start":{"line":62,"column":17},"end":{"line":62,"column":null}},"line":62},"6":{"name":"(anonymous_6)","decl":{"start":{"line":65,"column":12},"end":{"line":65,"column":18}},"loc":{"start":{"line":65,"column":18},"end":{"line":67,"column":5}},"line":65},"7":{"name":"(anonymous_7)","decl":{"start":{"line":69,"column":12},"end":{"line":69,"column":18}},"loc":{"start":{"line":69,"column":18},"end":{"line":80,"column":5}},"line":69},"8":{"name":"(anonymous_8)","decl":{"start":{"line":70,"column":28},"end":{"line":70,"column":29}},"loc":{"start":{"line":70,"column":47},"end":{"line":74,"column":null}},"line":70},"9":{"name":"(anonymous_9)","decl":{"start":{"line":78,"column":13},"end":{"line":78,"column":19}},"loc":{"start":{"line":78,"column":19},"end":{"line":78,"column":null}},"line":78},"10":{"name":"(anonymous_10)","decl":{"start":{"line":82,"column":12},"end":{"line":82,"column":18}},"loc":{"start":{"line":82,"column":18},"end":{"line":119,"column":5}},"line":82},"11":{"name":"(anonymous_11)","decl":{"start":{"line":83,"column":29},"end":{"line":83,"column":35}},"loc":{"start":{"line":83,"column":35},"end":{"line":115,"column":null}},"line":83},"12":{"name":"(anonymous_12)","decl":{"start":{"line":84,"column":19},"end":{"line":84,"column":20}},"loc":{"start":{"line":85,"column":8},"end":{"line":113,"column":null}},"line":85},"13":{"name":"(anonymous_13)","decl":{"start":{"line":85,"column":26},"end":{"line":85,"column":27}},"loc":{"start":{"line":85,"column":40},"end":{"line":113,"column":9}},"line":85},"14":{"name":"(anonymous_14)","decl":{"start":{"line":118,"column":11},"end":{"line":118,"column":17}},"loc":{"start":{"line":118,"column":17},"end":{"line":118,"column":null}},"line":118},"15":{"name":"(anonymous_15)","decl":{"start":{"line":124,"column":23},"end":{"line":124,"column":24}},"loc":{"start":{"line":125,"column":10},"end":{"line":144,"column":null}},"line":125},"16":{"name":"(anonymous_16)","decl":{"start":{"line":148,"column":23},"end":{"line":148,"column":24}},"loc":{"start":{"line":149,"column":10},"end":{"line":170,"column":null}},"line":149},"17":{"name":"(anonymous_17)","decl":{"start":{"line":149,"column":37},"end":{"line":149,"column":38}},"loc":{"start":{"line":149,"column":59},"end":{"line":170,"column":11}},"line":149}},"branchMap":{"0":{"loc":{"start":{"line":26,"column":2},"end":{"line":26,"column":null}},"type":"default-arg","locations":[{"start":{"line":26,"column":18},"end":{"line":26,"column":null}}],"line":26},"1":{"loc":{"start":{"line":27,"column":2},"end":{"line":27,"column":null}},"type":"default-arg","locations":[{"start":{"line":27,"column":11},"end":{"line":27,"column":null}}],"line":27},"2":{"loc":{"start":{"line":28,"column":2},"end":{"line":28,"column":null}},"type":"default-arg","locations":[{"start":{"line":28,"column":12},"end":{"line":28,"column":null}}],"line":28},"3":{"loc":{"start":{"line":29,"column":2},"end":{"line":29,"column":null}},"type":"default-arg","locations":[{"start":{"line":29,"column":12},"end":{"line":29,"column":null}}],"line":29},"4":{"loc":{"start":{"line":30,"column":2},"end":{"line":30,"column":null}},"type":"default-arg","locations":[{"start":{"line":30,"column":10},"end":{"line":30,"column":null}}],"line":30},"5":{"loc":{"start":{"line":31,"column":2},"end":{"line":31,"column":null}},"type":"default-arg","locations":[{"start":{"line":31,"column":14},"end":{"line":31,"column":null}}],"line":31},"6":{"loc":{"start":{"line":32,"column":2},"end":{"line":32,"column":null}},"type":"default-arg","locations":[{"start":{"line":32,"column":16},"end":{"line":32,"column":null}}],"line":32},"7":{"loc":{"start":{"line":42,"column":26},"end":{"line":42,"column":null}},"type":"binary-expr","locations":[{"start":{"line":42,"column":26},"end":{"line":42,"column":46}},{"start":{"line":42,"column":46},"end":{"line":42,"column":null}}],"line":42},"8":{"loc":{"start":{"line":43,"column":26},"end":{"line":43,"column":null}},"type":"binary-expr","locations":[{"start":{"line":43,"column":26},"end":{"line":43,"column":47}},{"start":{"line":43,"column":47},"end":{"line":43,"column":null}}],"line":43},"9":{"loc":{"start":{"line":71,"column":6},"end":{"line":73,"column":null}},"type":"if","locations":[{"start":{"line":71,"column":6},"end":{"line":73,"column":null}},{"start":{},"end":{}}],"line":71},"10":{"loc":{"start":{"line":76,"column":4},"end":{"line":79,"column":null}},"type":"if","locations":[{"start":{"line":76,"column":4},"end":{"line":79,"column":null}},{"start":{},"end":{}}],"line":76},"11":{"loc":{"start":{"line":90,"column":10},"end":{"line":100,"column":null}},"type":"if","locations":[{"start":{"line":90,"column":10},"end":{"line":100,"column":null}},{"start":{},"end":{}}],"line":90},"12":{"loc":{"start":{"line":95,"column":12},"end":{"line":99,"column":null}},"type":"if","locations":[{"start":{"line":95,"column":12},"end":{"line":99,"column":null}},{"start":{},"end":{}}],"line":95},"13":{"loc":{"start":{"line":103,"column":10},"end":{"line":103,"column":null}},"type":"if","locations":[{"start":{"line":103,"column":10},"end":{"line":103,"column":null}},{"start":{},"end":{}}],"line":103},"14":{"loc":{"start":{"line":104,"column":10},"end":{"line":104,"column":null}},"type":"if","locations":[{"start":{"line":104,"column":10},"end":{"line":104,"column":null}},{"start":{},"end":{}}],"line":104},"15":{"loc":{"start":{"line":105,"column":10},"end":{"line":105,"column":null}},"type":"if","locations":[{"start":{"line":105,"column":10},"end":{"line":105,"column":null}},{"start":{},"end":{}}],"line":105},"16":{"loc":{"start":{"line":106,"column":10},"end":{"line":106,"column":null}},"type":"if","locations":[{"start":{"line":106,"column":10},"end":{"line":106,"column":null}},{"start":{},"end":{}}],"line":106},"17":{"loc":{"start":{"line":154,"column":12},"end":{"line":168,"column":null}},"type":"if","locations":[{"start":{"line":154,"column":12},"end":{"line":168,"column":null}},{"start":{},"end":{}}],"line":154}},"s":{"0":1,"1":5,"2":5,"3":5,"4":5,"5":2,"6":200,"7":5,"8":1,"9":1,"10":1,"11":1,"12":1,"13":1,"14":5,"15":2,"16":5,"17":1,"18":0,"19":0,"20":1,"21":1,"22":1,"23":1,"24":5,"25":2,"26":1,"27":1,"28":100,"29":100,"30":100,"31":100,"32":100,"33":100,"34":100,"35":1,"36":1,"37":1,"38":100,"39":0,"40":100,"41":0,"42":100,"43":0,"44":100,"45":0,"46":100,"47":2,"48":2,"49":2,"50":5,"51":300,"52":300,"53":14850,"54":14850,"55":1154,"56":1154,"57":13696},"f":{"0":5,"1":2,"2":200,"3":1,"4":1,"5":1,"6":2,"7":1,"8":0,"9":1,"10":2,"11":1,"12":1,"13":100,"14":2,"15":300,"16":300,"17":14850},"b":{"0":[5],"1":[5],"2":[5],"3":[5],"4":[5],"5":[5],"6":[5],"7":[200,100],"8":[200,100],"9":[0,0],"10":[1,0],"11":[100,0],"12":[1,99],"13":[0,100],"14":[0,100],"15":[0,100],"16":[0,100],"17":[1154,13696]},"meta":{"lastBranch":18,"lastFunction":18,"lastStatement":58,"seen":{"s:25:34:175:Infinity":0,"f:25:34:25:35":0,"b:26:18:26:Infinity":0,"b:27:11:27:Infinity":1,"b:28:12:28:Infinity":2,"b:29:12:29:Infinity":3,"b:30:10:30:Infinity":4,"b:31:14:31:Infinity":5,"b:32:16:32:Infinity":6,"s:34:32:34:Infinity":1,"s:35:40:35:Infinity":2,"s:36:34:36:Infinity":3,"s:39:8:50:Infinity":4,"f:39:38:39:44":1,"s:40:4:49:Infinity":5,"f:40:49:40:50":2,"s:40:60:49:6":6,"b:42:26:42:46:42:46:42:Infinity":7,"b:43:26:43:47:43:47:43:Infinity":8,"s:52:2:63:Infinity":7,"f:52:12:52:18":3,"s:53:29:58:Infinity":8,"f:53:29:53:35":4,"s:54:6:57:Infinity":9,"s:60:4:60:Infinity":10,"s:61:4:61:Infinity":11,"s:62:4:62:Infinity":12,"f:62:11:62:17":5,"s:62:17:62:Infinity":13,"s:65:2:67:Infinity":14,"f:65:12:65:18":6,"s:66:4:66:Infinity":15,"s:69:2:80:Infinity":16,"f:69:12:69:18":7,"s:70:28:74:Infinity":17,"f:70:28:70:29":8,"b:71:6:73:Infinity:undefined:undefined:undefined:undefined":9,"s:71:6:73:Infinity":18,"s:72:8:72:Infinity":19,"b:76:4:79:Infinity:undefined:undefined:undefined:undefined":10,"s:76:4:79:Infinity":20,"s:77:6:77:Infinity":21,"s:78:6:78:Infinity":22,"f:78:13:78:19":9,"s:78:19:78:Infinity":23,"s:82:2:119:Infinity":24,"f:82:12:82:18":10,"s:83:29:115:Infinity":25,"f:83:29:83:35":11,"s:84:6:114:Infinity":26,"f:84:19:84:20":12,"s:85:8:113:Infinity":27,"f:85:26:85:27":13,"s:86:21:86:Infinity":28,"s:87:21:87:Infinity":29,"b:90:10:100:Infinity:undefined:undefined:undefined:undefined":11,"s:90:10:100:Infinity":30,"s:91:23:91:Infinity":31,"s:92:23:92:Infinity":32,"s:93:29:93:Infinity":33,"b:95:12:99:Infinity:undefined:undefined:undefined:undefined":12,"s:95:12:99:Infinity":34,"s:96:20:96:Infinity":35,"s:97:14:97:Infinity":36,"s:98:14:98:Infinity":37,"b:103:10:103:Infinity:undefined:undefined:undefined:undefined":13,"s:103:10:103:Infinity":38,"s:103:24:103:Infinity":39,"b:104:10:104:Infinity:undefined:undefined:undefined:undefined":14,"s:104:10:104:Infinity":40,"s:104:39:104:Infinity":41,"b:105:10:105:Infinity:undefined:undefined:undefined:undefined":15,"s:105:10:105:Infinity":42,"s:105:24:105:Infinity":43,"b:106:10:106:Infinity:undefined:undefined:undefined:undefined":16,"s:106:10:106:Infinity":44,"s:106:40:106:Infinity":45,"s:108:10:112:Infinity":46,"s:117:23:117:Infinity":47,"s:118:4:118:Infinity":48,"f:118:11:118:17":14,"s:118:17:118:Infinity":49,"s:121:2:173:Infinity":50,"f:124:23:124:24":15,"s:125:10:144:Infinity":51,"f:148:23:148:24":16,"s:149:10:170:Infinity":52,"f:149:37:149:38":17,"s:150:29:152:Infinity":53,"b:154:12:168:Infinity:undefined:undefined:undefined:undefined":17,"s:154:12:168:Infinity":54,"s:155:20:155:Infinity":55,"s:156:14:166:Infinity":56,"s:169:12:169:Infinity":57}}}
,"/app/src/components/animations/ProgressiveReveal.tsx": {"path":"/app/src/components/animations/ProgressiveReveal.tsx","statementMap":{"0":{"start":{"line":13,"column":33},"end":{"line":147,"column":null}},"1":{"start":{"line":20,"column":8},"end":{"line":20,"column":null}},"2":{"start":{"line":21,"column":8},"end":{"line":24,"column":null}},"3":{"start":{"line":26,"column":22},"end":{"line":127,"column":null}},"4":{"start":{"line":27,"column":27},"end":{"line":30,"column":null}},"5":{"start":{"line":32,"column":4},"end":{"line":126,"column":null}},"6":{"start":{"line":34,"column":30},"end":{"line":34,"column":null}},"7":{"start":{"line":35,"column":32},"end":{"line":46,"column":null}},"8":{"start":{"line":36,"column":10},"end":{"line":45,"column":null}},"9":{"start":{"line":38,"column":14},"end":{"line":38,"column":null}},"10":{"start":{"line":40,"column":14},"end":{"line":40,"column":null}},"11":{"start":{"line":42,"column":14},"end":{"line":42,"column":null}},"12":{"start":{"line":44,"column":14},"end":{"line":44,"column":null}},"13":{"start":{"line":47,"column":8},"end":{"line":65,"column":null}},"14":{"start":{"line":68,"column":8},"end":{"line":85,"column":null}},"15":{"start":{"line":88,"column":8},"end":{"line":106,"column":null}},"16":{"start":{"line":109,"column":8},"end":{"line":125,"column":null}},"17":{"start":{"line":129,"column":19},"end":{"line":129,"column":null}},"18":{"start":{"line":130,"column":24},"end":{"line":130,"column":null}},"19":{"start":{"line":132,"column":2},"end":{"line":145,"column":null}},"20":{"start":{"line":141,"column":8},"end":{"line":143,"column":null}},"21":{"start":{"line":150,"column":27},"end":{"line":175,"column":null}},"22":{"start":{"line":161,"column":2},"end":{"line":173,"column":null}},"23":{"start":{"line":169,"column":8},"end":{"line":171,"column":null}},"24":{"start":{"line":178,"column":27},"end":{"line":198,"column":null}},"25":{"start":{"line":189,"column":2},"end":{"line":196,"column":null}}},"fnMap":{"0":{"name":"(anonymous_0)","decl":{"start":{"line":13,"column":33},"end":{"line":13,"column":34}},"loc":{"start":{"line":19,"column":30},"end":{"line":147,"column":null}},"line":19},"1":{"name":"(anonymous_1)","decl":{"start":{"line":26,"column":22},"end":{"line":26,"column":28}},"loc":{"start":{"line":26,"column":28},"end":{"line":127,"column":null}},"line":26},"2":{"name":"(anonymous_2)","decl":{"start":{"line":35,"column":32},"end":{"line":35,"column":38}},"loc":{"start":{"line":35,"column":38},"end":{"line":46,"column":null}},"line":35},"3":{"name":"(anonymous_3)","decl":{"start":{"line":140,"column":25},"end":{"line":140,"column":26}},"loc":{"start":{"line":141,"column":8},"end":{"line":143,"column":null}},"line":141},"4":{"name":"(anonymous_4)","decl":{"start":{"line":150,"column":27},"end":{"line":150,"column":28}},"loc":{"start":{"line":160,"column":6},"end":{"line":175,"column":null}},"line":160},"5":{"name":"(anonymous_5)","decl":{"start":{"line":168,"column":17},"end":{"line":168,"column":18}},"loc":{"start":{"line":169,"column":8},"end":{"line":171,"column":null}},"line":169},"6":{"name":"(anonymous_6)","decl":{"start":{"line":178,"column":27},"end":{"line":178,"column":28}},"loc":{"start":{"line":188,"column":6},"end":{"line":198,"column":null}},"line":188}},"branchMap":{"0":{"loc":{"start":{"line":15,"column":2},"end":{"line":15,"column":null}},"type":"default-arg","locations":[{"start":{"line":15,"column":14},"end":{"line":15,"column":null}}],"line":15},"1":{"loc":{"start":{"line":16,"column":2},"end":{"line":16,"column":null}},"type":"default-arg","locations":[{"start":{"line":16,"column":17},"end":{"line":16,"column":null}}],"line":16},"2":{"loc":{"start":{"line":17,"column":2},"end":{"line":17,"column":null}},"type":"default-arg","locations":[{"start":{"line":17,"column":18},"end":{"line":17,"column":null}}],"line":17},"3":{"loc":{"start":{"line":18,"column":2},"end":{"line":18,"column":null}},"type":"default-arg","locations":[{"start":{"line":18,"column":14},"end":{"line":18,"column":null}}],"line":18},"4":{"loc":{"start":{"line":32,"column":4},"end":{"line":126,"column":null}},"type":"switch","locations":[{"start":{"line":33,"column":6},"end":{"line":65,"column":null}},{"start":{"line":67,"column":6},"end":{"line":85,"column":null}},{"start":{"line":87,"column":6},"end":{"line":106,"column":null}},{"start":{"line":108,"column":6},"end":{"line":125,"column":null}}],"line":32},"5":{"loc":{"start":{"line":36,"column":10},"end":{"line":45,"column":null}},"type":"switch","locations":[{"start":{"line":37,"column":12},"end":{"line":38,"column":null}},{"start":{"line":39,"column":12},"end":{"line":40,"column":null}},{"start":{"line":41,"column":12},"end":{"line":42,"column":null}},{"start":{"line":43,"column":12},"end":{"line":44,"column":null}}],"line":36},"6":{"loc":{"start":{"line":137,"column":15},"end":{"line":137,"column":null}},"type":"cond-expr","locations":[{"start":{"line":137,"column":26},"end":{"line":137,"column":38}},{"start":{"line":137,"column":38},"end":{"line":137,"column":null}}],"line":137},"7":{"loc":{"start":{"line":152,"column":2},"end":{"line":152,"column":null}},"type":"default-arg","locations":[{"start":{"line":152,"column":14},"end":{"line":152,"column":null}}],"line":152},"8":{"loc":{"start":{"line":153,"column":2},"end":{"line":153,"column":null}},"type":"default-arg","locations":[{"start":{"line":153,"column":18},"end":{"line":153,"column":null}}],"line":153},"9":{"loc":{"start":{"line":154,"column":2},"end":{"line":154,"column":null}},"type":"default-arg","locations":[{"start":{"line":154,"column":17},"end":{"line":154,"column":null}}],"line":154},"10":{"loc":{"start":{"line":180,"column":2},"end":{"line":180,"column":null}},"type":"default-arg","locations":[{"start":{"line":180,"column":14},"end":{"line":180,"column":null}}],"line":180},"11":{"loc":{"start":{"line":181,"column":2},"end":{"line":181,"column":null}},"type":"default-arg","locations":[{"start":{"line":181,"column":12},"end":{"line":181,"column":null}}],"line":181},"12":{"loc":{"start":{"line":182,"column":2},"end":{"line":182,"column":null}},"type":"default-arg","locations":[{"start":{"line":182,"column":17},"end":{"line":182,"column":null}}],"line":182}},"s":{"0":2,"1":2,"2":2,"3":2,"4":2,"5":2,"6":2,"7":2,"8":2,"9":0,"10":0,"11":2,"12":0,"13":2,"14":0,"15":0,"16":0,"17":2,"18":2,"19":2,"20":6,"21":2,"22":0,"23":0,"24":2,"25":0},"f":{"0":2,"1":2,"2":2,"3":6,"4":0,"5":0,"6":0},"b":{"0":[2],"1":[2],"2":[2],"3":[2],"4":[2,0,0,0],"5":[0,0,2,0],"6":[0,2],"7":[0],"8":[0],"9":[0],"10":[0],"11":[0],"12":[0]},"meta":{"lastBranch":13,"lastFunction":7,"lastStatement":26,"seen":{"s:13:33:147:Infinity":0,"f:13:33:13:34":0,"b:15:14:15:Infinity":0,"b:16:17:16:Infinity":1,"b:17:18:17:Infinity":2,"b:18:14:18:Infinity":3,"s:20:8:20:Infinity":1,"s:21:8:24:Infinity":2,"s:26:22:127:Infinity":3,"f:26:22:26:28":1,"s:27:27:30:Infinity":4,"b:33:6:65:Infinity:67:6:85:Infinity:87:6:106:Infinity:108:6:125:Infinity":4,"s:32:4:126:Infinity":5,"s:34:30:34:Infinity":6,"s:35:32:46:Infinity":7,"f:35:32:35:38":2,"b:37:12:38:Infinity:39:12:40:Infinity:41:12:42:Infinity:43:12:44:Infinity":5,"s:36:10:45:Infinity":8,"s:38:14:38:Infinity":9,"s:40:14:40:Infinity":10,"s:42:14:42:Infinity":11,"s:44:14:44:Infinity":12,"s:47:8:65:Infinity":13,"s:68:8:85:Infinity":14,"s:88:8:106:Infinity":15,"s:109:8:125:Infinity":16,"s:129:19:129:Infinity":17,"s:130:24:130:Infinity":18,"s:132:2:145:Infinity":19,"b:137:26:137:38:137:38:137:Infinity":6,"f:140:25:140:26":3,"s:141:8:143:Infinity":20,"s:150:27:175:Infinity":21,"f:150:27:150:28":4,"b:152:14:152:Infinity":7,"b:153:18:153:Infinity":8,"b:154:17:154:Infinity":9,"s:161:2:173:Infinity":22,"f:168:17:168:18":5,"s:169:8:171:Infinity":23,"s:178:27:198:Infinity":24,"f:178:27:178:28":6,"b:180:14:180:Infinity":10,"b:181:12:181:Infinity":11,"b:182:17:182:Infinity":12,"s:189:2:196:Infinity":25}}}
,"/app/src/components/layout/Footer.tsx": {"path":"/app/src/components/layout/Footer.tsx","statementMap":{"0":{"start":{"line":4,"column":32},"end":{"line":10,"column":null}},"1":{"start":{"line":5,"column":2},"end":{"line":8,"column":null}}},"fnMap":{"0":{"name":"(anonymous_0)","decl":{"start":{"line":4,"column":32},"end":{"line":4,"column":38}},"loc":{"start":{"line":4,"column":38},"end":{"line":10,"column":null}},"line":4}},"branchMap":{},"s":{"0":1,"1":1},"f":{"0":1},"b":{},"meta":{"lastBranch":0,"lastFunction":1,"lastStatement":2,"seen":{"s:4:32:10:Infinity":0,"f:4:32:4:38":0,"s:5:2:8:Infinity":1}}}
,"/app/src/components/layout/Navigation.tsx": {"path":"/app/src/components/layout/Navigation.tsx","statementMap":{"0":{"start":{"line":8,"column":36},"end":{"line":79,"column":null}},"1":{"start":{"line":9,"column":21},"end":{"line":9,"column":null}},"2":{"start":{"line":9,"column":51},"end":{"line":9,"column":58}},"3":{"start":{"line":10,"column":8},"end":{"line":10,"column":null}},"4":{"start":{"line":11,"column":26},"end":{"line":11,"column":null}},"5":{"start":{"line":13,"column":25},"end":{"line":17,"column":null}},"6":{"start":{"line":14,"column":4},"end":{"line":14,"column":null}},"7":{"start":{"line":16,"column":4},"end":{"line":16,"column":null}},"8":{"start":{"line":16,"column":15},"end":{"line":16,"column":53}},"9":{"start":{"line":19,"column":2},"end":{"line":77,"column":null}},"10":{"start":{"line":33,"column":14},"end":{"line":48,"column":null}},"11":{"start":{"line":37,"column":20},"end":{"line":37,"column":null}},"12":{"start":{"line":38,"column":20},"end":{"line":38,"column":null}}},"fnMap":{"0":{"name":"(anonymous_0)","decl":{"start":{"line":8,"column":36},"end":{"line":8,"column":42}},"loc":{"start":{"line":8,"column":42},"end":{"line":79,"column":null}},"line":8},"1":{"name":"(anonymous_1)","decl":{"start":{"line":9,"column":41},"end":{"line":9,"column":42}},"loc":{"start":{"line":9,"column":51},"end":{"line":9,"column":58}},"line":9},"2":{"name":"(anonymous_2)","decl":{"start":{"line":13,"column":25},"end":{"line":13,"column":26}},"loc":{"start":{"line":13,"column":48},"end":{"line":17,"column":null}},"line":13},"3":{"name":"(anonymous_3)","decl":{"start":{"line":16,"column":15},"end":{"line":16,"column":21}},"loc":{"start":{"line":16,"column":15},"end":{"line":16,"column":53}},"line":16},"4":{"name":"(anonymous_4)","decl":{"start":{"line":32,"column":33},"end":{"line":32,"column":34}},"loc":{"start":{"line":33,"column":14},"end":{"line":48,"column":null}},"line":33},"5":{"name":"(anonymous_5)","decl":{"start":{"line":36,"column":27},"end":{"line":36,"column":28}},"loc":{"start":{"line":36,"column":34},"end":{"line":40,"column":null}},"line":36}},"branchMap":{"0":{"loc":{"start":{"line":42,"column":20},"end":{"line":42,"column":null}},"type":"cond-expr","locations":[{"start":{"line":42,"column":48},"end":{"line":42,"column":66}},{"start":{"line":42,"column":66},"end":{"line":42,"column":null}}],"line":42},"1":{"loc":{"start":{"line":44,"column":32},"end":{"line":44,"column":null}},"type":"cond-expr","locations":[{"start":{"line":44,"column":60},"end":{"line":44,"column":69}},{"start":{"line":44,"column":69},"end":{"line":44,"column":null}}],"line":44}},"s":{"0":1,"1":1,"2":7,"3":1,"4":1,"5":1,"6":0,"7":0,"8":0,"9":1,"10":7,"11":0,"12":0},"f":{"0":1,"1":7,"2":0,"3":0,"4":7,"5":0},"b":{"0":[1,6],"1":[1,6]},"meta":{"lastBranch":2,"lastFunction":6,"lastStatement":13,"seen":{"s:8:36:79:Infinity":0,"f:8:36:8:42":0,"s:9:21:9:Infinity":1,"f:9:41:9:42":1,"s:9:51:9:58":2,"s:10:8:10:Infinity":3,"s:11:26:11:Infinity":4,"s:13:25:17:Infinity":5,"f:13:25:13:26":2,"s:14:4:14:Infinity":6,"s:16:4:16:Infinity":7,"f:16:15:16:21":3,"s:16:15:16:53":8,"s:19:2:77:Infinity":9,"f:32:33:32:34":4,"s:33:14:48:Infinity":10,"f:36:27:36:28":5,"s:37:20:37:Infinity":11,"s:38:20:38:Infinity":12,"b:42:48:42:66:42:66:42:Infinity":0,"b:44:60:44:69:44:69:44:Infinity":1}}}
,"/app/src/components/lazy/LazySection.tsx": {"path":"/app/src/components/lazy/LazySection.tsx","statementMap":{"0":{"start":{"line":6,"column":34},"end":{"line":19,"column":null}},"1":{"start":{"line":7,"column":2},"end":{"line":19,"column":null}},"2":{"start":{"line":14,"column":12},"end":{"line":14,"column":null}},"3":{"start":{"line":23,"column":55},"end":{"line":38,"column":null}},"4":{"start":{"line":24,"column":2},"end":{"line":38,"column":null}},"5":{"start":{"line":42,"column":31},"end":{"line":65,"column":null}},"6":{"start":{"line":47,"column":35},"end":{"line":62,"column":null}},"7":{"start":{"line":48,"column":27},"end":{"line":48,"column":null}},"8":{"start":{"line":50,"column":4},"end":{"line":60,"column":null}},"9":{"start":{"line":64,"column":2},"end":{"line":64,"column":null}},"10":{"start":{"line":68,"column":89},"end":{"line":84,"column":null}},"11":{"start":{"line":72,"column":2},"end":{"line":84,"column":null}}},"fnMap":{"0":{"name":"(anonymous_0)","decl":{"start":{"line":6,"column":34},"end":{"line":6,"column":null}},"loc":{"start":{"line":7,"column":2},"end":{"line":19,"column":null}},"line":7},"1":{"name":"(anonymous_1)","decl":{"start":{"line":13,"column":29},"end":{"line":13,"column":30}},"loc":{"start":{"line":14,"column":12},"end":{"line":14,"column":null}},"line":14},"2":{"name":"(anonymous_2)","decl":{"start":{"line":23,"column":55},"end":{"line":23,"column":56}},"loc":{"start":{"line":24,"column":2},"end":{"line":38,"column":null}},"line":24},"3":{"name":"(anonymous_3)","decl":{"start":{"line":42,"column":31},"end":{"line":42,"column":null}},"loc":{"start":{"line":46,"column":5},"end":{"line":65,"column":null}},"line":46},"4":{"name":"(anonymous_4)","decl":{"start":{"line":47,"column":35},"end":{"line":47,"column":36}},"loc":{"start":{"line":47,"column":46},"end":{"line":62,"column":null}},"line":47},"5":{"name":"(anonymous_5)","decl":{"start":{"line":53,"column":17},"end":{"line":53,"column":23}},"loc":{"start":{"line":53,"column":23},"end":{"line":55,"column":null}},"line":53},"6":{"name":"(anonymous_6)","decl":{"start":{"line":68,"column":89},"end":{"line":68,"column":90}},"loc":{"start":{"line":72,"column":2},"end":{"line":84,"column":null}},"line":72}},"branchMap":{"0":{"loc":{"start":{"line":23,"column":58},"end":{"line":23,"column":89}},"type":"default-arg","locations":[{"start":{"line":23,"column":68},"end":{"line":23,"column":89}}],"line":23},"1":{"loc":{"start":{"line":48,"column":27},"end":{"line":48,"column":null}},"type":"binary-expr","locations":[{"start":{"line":48,"column":27},"end":{"line":48,"column":44}},{"start":{"line":48,"column":44},"end":{"line":48,"column":null}}],"line":48},"2":{"loc":{"start":{"line":57,"column":28},"end":{"line":57,"column":null}},"type":"cond-expr","locations":[{"start":{"line":57,"column":39},"end":{"line":57,"column":71}},{"start":{"line":57,"column":71},"end":{"line":57,"column":null}}],"line":57},"3":{"loc":{"start":{"line":76,"column":41},"end":{"line":76,"column":88}},"type":"binary-expr","locations":[{"start":{"line":76,"column":41},"end":{"line":76,"column":58}},{"start":{"line":76,"column":58},"end":{"line":76,"column":88}}],"line":76}},"s":{"0":1,"1":0,"2":0,"3":1,"4":6,"5":1,"6":0,"7":0,"8":0,"9":0,"10":1,"11":0},"f":{"0":0,"1":0,"2":6,"3":0,"4":0,"5":0,"6":0},"b":{"0":[6],"1":[0,0],"2":[0,0],"3":[0,0]},"meta":{"lastBranch":4,"lastFunction":7,"lastStatement":12,"seen":{"s:6:34:19:Infinity":0,"f:6:34:6:Infinity":0,"s:7:2:19:Infinity":1,"f:13:29:13:30":1,"s:14:12:14:Infinity":2,"s:23:55:38:Infinity":3,"f:23:55:23:56":2,"s:24:2:38:Infinity":4,"b:23:68:23:89":0,"s:42:31:65:Infinity":5,"f:42:31:42:Infinity":3,"s:47:35:62:Infinity":6,"f:47:35:47:36":4,"s:48:27:48:Infinity":7,"b:48:27:48:44:48:44:48:Infinity":1,"s:50:4:60:Infinity":8,"f:53:17:53:23":5,"b:57:39:57:71:57:71:57:Infinity":2,"s:64:2:64:Infinity":9,"s:68:89:84:Infinity":10,"f:68:89:68:90":6,"s:72:2:84:Infinity":11,"b:76:41:76:58:76:58:76:88":3}}}
,"/app/src/components/sections/AboutSection.tsx": {"path":"/app/src/components/sections/AboutSection.tsx","statementMap":{"0":{"start":{"line":10,"column":38},"end":{"line":197,"column":null}},"1":{"start":{"line":11,"column":17},"end":{"line":11,"column":null}},"2":{"start":{"line":13,"column":22},"end":{"line":18,"column":null}},"3":{"start":{"line":20,"column":2},"end":{"line":195,"column":null}},"4":{"start":{"line":103,"column":16},"end":{"line":115,"column":null}},"5":{"start":{"line":134,"column":22},"end":{"line":134,"column":null}},"6":{"start":{"line":136,"column":16},"end":{"line":167,"column":null}},"7":{"start":{"line":147,"column":26},"end":{"line":163,"column":null}},"8":{"start":{"line":187,"column":16},"end":{"line":187,"column":null}}},"fnMap":{"0":{"name":"(anonymous_0)","decl":{"start":{"line":10,"column":38},"end":{"line":10,"column":44}},"loc":{"start":{"line":10,"column":44},"end":{"line":197,"column":null}},"line":10},"1":{"name":"(anonymous_1)","decl":{"start":{"line":102,"column":31},"end":{"line":102,"column":32}},"loc":{"start":{"line":103,"column":16},"end":{"line":115,"column":null}},"line":103},"2":{"name":"(anonymous_2)","decl":{"start":{"line":133,"column":51},"end":{"line":133,"column":52}},"loc":{"start":{"line":133,"column":80},"end":{"line":169,"column":15}},"line":133},"3":{"name":"(anonymous_3)","decl":{"start":{"line":146,"column":44},"end":{"line":146,"column":45}},"loc":{"start":{"line":147,"column":26},"end":{"line":163,"column":null}},"line":147},"4":{"name":"(anonymous_4)","decl":{"start":{"line":186,"column":23},"end":{"line":186,"column":null}},"loc":{"start":{"line":187,"column":16},"end":{"line":187,"column":null}},"line":187}},"branchMap":{"0":{"loc":{"start":{"line":35,"column":19},"end":{"line":44,"column":null}},"type":"binary-expr","locations":[{"start":{"line":35,"column":19},"end":{"line":35,"column":48}},{"start":{"line":35,"column":48},"end":{"line":44,"column":null}}],"line":35},"1":{"loc":{"start":{"line":152,"column":79},"end":{"line":156,"column":null}},"type":"cond-expr","locations":[{"start":{"line":153,"column":40},"end":{"line":153,"column":null}},{"start":{"line":154,"column":40},"end":{"line":156,"column":null}}],"line":152},"2":{"loc":{"start":{"line":154,"column":40},"end":{"line":156,"column":null}},"type":"cond-expr","locations":[{"start":{"line":155,"column":42},"end":{"line":155,"column":null}},{"start":{"line":156,"column":42},"end":{"line":156,"column":null}}],"line":154}},"s":{"0":1,"1":2,"2":2,"3":2,"4":8,"5":8,"6":8,"7":0,"8":0},"f":{"0":2,"1":8,"2":8,"3":0,"4":0},"b":{"0":[2,2],"1":[0,0],"2":[0,0]},"meta":{"lastBranch":3,"lastFunction":5,"lastStatement":9,"seen":{"s:10:38:197:Infinity":0,"f:10:38:10:44":0,"s:11:17:11:Infinity":1,"s:13:22:18:Infinity":2,"s:20:2:195:Infinity":3,"b:35:19:35:48:35:48:44:Infinity":0,"f:102:31:102:32":1,"s:103:16:115:Infinity":4,"f:133:51:133:52":2,"s:134:22:134:Infinity":5,"s:136:16:167:Infinity":6,"f:146:44:146:45":3,"s:147:26:163:Infinity":7,"b:153:40:153:Infinity:154:40:156:Infinity":1,"b:155:42:155:Infinity:156:42:156:Infinity":2,"f:186:23:186:Infinity":4,"s:187:16:187:Infinity":8}}}
,"/app/src/components/sections/BlogSection.tsx": {"path":"/app/src/components/sections/BlogSection.tsx","statementMap":{"0":{"start":{"line":8,"column":37},"end":{"line":284,"column":null}},"1":{"start":{"line":9,"column":46},"end":{"line":9,"column":null}},"2":{"start":{"line":11,"column":92},"end":{"line":18,"column":null}},"3":{"start":{"line":21,"column":4},"end":{"line":21,"column":null}},"4":{"start":{"line":23,"column":25},"end":{"line":34,"column":null}},"5":{"start":{"line":24,"column":4},"end":{"line":33,"column":null}},"6":{"start":{"line":26,"column":8},"end":{"line":26,"column":null}},"7":{"start":{"line":28,"column":8},"end":{"line":28,"column":null}},"8":{"start":{"line":30,"column":8},"end":{"line":30,"column":null}},"9":{"start":{"line":32,"column":8},"end":{"line":32,"column":null}},"10":{"start":{"line":36,"column":24},"end":{"line":47,"column":null}},"11":{"start":{"line":37,"column":4},"end":{"line":46,"column":null}},"12":{"start":{"line":39,"column":8},"end":{"line":39,"column":null}},"13":{"start":{"line":41,"column":8},"end":{"line":41,"column":null}},"14":{"start":{"line":43,"column":8},"end":{"line":43,"column":null}},"15":{"start":{"line":45,"column":8},"end":{"line":45,"column":null}},"16":{"start":{"line":49,"column":2},"end":{"line":282,"column":null}},"17":{"start":{"line":88,"column":14},"end":{"line":105,"column":null}},"18":{"start":{"line":90,"column":31},"end":{"line":90,"column":null}},"19":{"start":{"line":113,"column":12},"end":{"line":232,"column":null}},"20":{"start":{"line":183,"column":24},"end":{"line":189,"column":null}},"21":{"start":{"line":270,"column":18},"end":{"line":270,"column":null}}},"fnMap":{"0":{"name":"(anonymous_0)","decl":{"start":{"line":8,"column":37},"end":{"line":8,"column":43}},"loc":{"start":{"line":8,"column":43},"end":{"line":284,"column":null}},"line":8},"1":{"name":"(anonymous_1)","decl":{"start":{"line":23,"column":25},"end":{"line":23,"column":26}},"loc":{"start":{"line":23,"column":57},"end":{"line":34,"column":null}},"line":23},"2":{"name":"(anonymous_2)","decl":{"start":{"line":36,"column":24},"end":{"line":36,"column":25}},"loc":{"start":{"line":36,"column":56},"end":{"line":47,"column":null}},"line":36},"3":{"name":"(anonymous_3)","decl":{"start":{"line":87,"column":28},"end":{"line":87,"column":29}},"loc":{"start":{"line":88,"column":14},"end":{"line":105,"column":null}},"line":88},"4":{"name":"(anonymous_4)","decl":{"start":{"line":90,"column":25},"end":{"line":90,"column":31}},"loc":{"start":{"line":90,"column":31},"end":{"line":90,"column":null}},"line":90},"5":{"name":"(anonymous_5)","decl":{"start":{"line":112,"column":29},"end":{"line":112,"column":30}},"loc":{"start":{"line":113,"column":12},"end":{"line":232,"column":null}},"line":113},"6":{"name":"(anonymous_6)","decl":{"start":{"line":182,"column":49},"end":{"line":182,"column":50}},"loc":{"start":{"line":183,"column":24},"end":{"line":189,"column":null}},"line":183},"7":{"name":"(anonymous_7)","decl":{"start":{"line":269,"column":25},"end":{"line":269,"column":null}},"loc":{"start":{"line":270,"column":18},"end":{"line":270,"column":null}},"line":270}},"branchMap":{"0":{"loc":{"start":{"line":21,"column":4},"end":{"line":21,"column":null}},"type":"cond-expr","locations":[{"start":{"line":21,"column":33},"end":{"line":21,"column":45}},{"start":{"line":21,"column":33},"end":{"line":21,"column":null}}],"line":21},"1":{"loc":{"start":{"line":24,"column":4},"end":{"line":33,"column":null}},"type":"switch","locations":[{"start":{"line":25,"column":6},"end":{"line":26,"column":null}},{"start":{"line":27,"column":6},"end":{"line":28,"column":null}},{"start":{"line":29,"column":6},"end":{"line":30,"column":null}},{"start":{"line":31,"column":6},"end":{"line":32,"column":null}}],"line":24},"2":{"loc":{"start":{"line":37,"column":4},"end":{"line":46,"column":null}},"type":"switch","locations":[{"start":{"line":38,"column":6},"end":{"line":39,"column":null}},{"start":{"line":40,"column":6},"end":{"line":41,"column":null}},{"start":{"line":42,"column":6},"end":{"line":43,"column":null}},{"start":{"line":44,"column":6},"end":{"line":45,"column":null}}],"line":37},"3":{"loc":{"start":{"line":92,"column":18},"end":{"line":94,"column":null}},"type":"cond-expr","locations":[{"start":{"line":93,"column":22},"end":{"line":93,"column":null}},{"start":{"line":94,"column":22},"end":{"line":94,"column":null}}],"line":92},"4":{"loc":{"start":{"line":100,"column":17},"end":{"line":103,"column":null}},"type":"binary-expr","locations":[{"start":{"line":100,"column":17},"end":{"line":100,"column":null}},{"start":{"line":101,"column":18},"end":{"line":103,"column":null}}],"line":100},"5":{"loc":{"start":{"line":123,"column":19},"end":{"line":126,"column":null}},"type":"binary-expr","locations":[{"start":{"line":123,"column":19},"end":{"line":123,"column":null}},{"start":{"line":124,"column":20},"end":{"line":126,"column":null}}],"line":123},"6":{"loc":{"start":{"line":135,"column":27},"end":{"line":143,"column":null}},"type":"cond-expr","locations":[{"start":{"line":136,"column":30},"end":{"line":136,"column":null}},{"start":{"line":137,"column":30},"end":{"line":143,"column":null}}],"line":135},"7":{"loc":{"start":{"line":137,"column":30},"end":{"line":143,"column":null}},"type":"cond-expr","locations":[{"start":{"line":138,"column":32},"end":{"line":138,"column":null}},{"start":{"line":139,"column":32},"end":{"line":143,"column":null}}],"line":137},"8":{"loc":{"start":{"line":139,"column":32},"end":{"line":143,"column":null}},"type":"cond-expr","locations":[{"start":{"line":140,"column":34},"end":{"line":140,"column":null}},{"start":{"line":141,"column":34},"end":{"line":143,"column":null}}],"line":139},"9":{"loc":{"start":{"line":141,"column":34},"end":{"line":143,"column":null}},"type":"cond-expr","locations":[{"start":{"line":142,"column":36},"end":{"line":142,"column":null}},{"start":{"line":143,"column":36},"end":{"line":143,"column":null}}],"line":141},"10":{"loc":{"start":{"line":191,"column":23},"end":{"line":194,"column":null}},"type":"binary-expr","locations":[{"start":{"line":191,"column":23},"end":{"line":191,"column":null}},{"start":{"line":192,"column":24},"end":{"line":194,"column":null}}],"line":191},"11":{"loc":{"start":{"line":204,"column":25},"end":{"line":208,"column":null}},"type":"cond-expr","locations":[{"start":{"line":205,"column":28},"end":{"line":205,"column":null}},{"start":{"line":206,"column":28},"end":{"line":208,"column":null}}],"line":204},"12":{"loc":{"start":{"line":206,"column":28},"end":{"line":208,"column":null}},"type":"cond-expr","locations":[{"start":{"line":207,"column":30},"end":{"line":207,"column":null}},{"start":{"line":208,"column":30},"end":{"line":208,"column":null}}],"line":206},"13":{"loc":{"start":{"line":213,"column":26},"end":{"line":215,"column":null}},"type":"cond-expr","locations":[{"start":{"line":214,"column":30},"end":{"line":214,"column":null}},{"start":{"line":215,"column":30},"end":{"line":215,"column":null}}],"line":213},"14":{"loc":{"start":{"line":217,"column":36},"end":{"line":217,"column":null}},"type":"cond-expr","locations":[{"start":{"line":217,"column":66},"end":{"line":217,"column":84}},{"start":{"line":217,"column":84},"end":{"line":217,"column":null}}],"line":217},"15":{"loc":{"start":{"line":220,"column":25},"end":{"line":225,"column":null}},"type":"cond-expr","locations":[{"start":{"line":221,"column":26},"end":{"line":223,"column":null}},{"start":{"line":225,"column":26},"end":{"line":225,"column":null}}],"line":220},"16":{"loc":{"start":{"line":237,"column":9},"end":{"line":246,"column":null}},"type":"binary-expr","locations":[{"start":{"line":237,"column":9},"end":{"line":237,"column":null}},{"start":{"line":238,"column":10},"end":{"line":246,"column":null}}],"line":237}},"s":{"0":0,"1":0,"2":0,"3":0,"4":0,"5":0,"6":0,"7":0,"8":0,"9":0,"10":0,"11":0,"12":0,"13":0,"14":0,"15":0,"16":0,"17":0,"18":0,"19":0,"20":0,"21":0},"f":{"0":0,"1":0,"2":0,"3":0,"4":0,"5":0,"6":0,"7":0},"b":{"0":[0,0],"1":[0,0,0,0],"2":[0,0,0,0],"3":[0,0],"4":[0,0],"5":[0,0],"6":[0,0],"7":[0,0],"8":[0,0],"9":[0,0],"10":[0,0],"11":[0,0],"12":[0,0],"13":[0,0],"14":[0,0],"15":[0,0],"16":[0,0]},"meta":{"lastBranch":17,"lastFunction":8,"lastStatement":22,"seen":{"s:8:37:284:Infinity":0,"f:8:37:8:43":0,"s:9:46:9:Infinity":1,"s:11:92:18:Infinity":2,"s:21:4:21:Infinity":3,"b:21:33:21:45:21:33:21:Infinity":0,"s:23:25:34:Infinity":4,"f:23:25:23:26":1,"b:25:6:26:Infinity:27:6:28:Infinity:29:6:30:Infinity:31:6:32:Infinity":1,"s:24:4:33:Infinity":5,"s:26:8:26:Infinity":6,"s:28:8:28:Infinity":7,"s:30:8:30:Infinity":8,"s:32:8:32:Infinity":9,"s:36:24:47:Infinity":10,"f:36:24:36:25":2,"b:38:6:39:Infinity:40:6:41:Infinity:42:6:43:Infinity:44:6:45:Infinity":2,"s:37:4:46:Infinity":11,"s:39:8:39:Infinity":12,"s:41:8:41:Infinity":13,"s:43:8:43:Infinity":14,"s:45:8:45:Infinity":15,"s:49:2:282:Infinity":16,"f:87:28:87:29":3,"s:88:14:105:Infinity":17,"f:90:25:90:31":4,"s:90:31:90:Infinity":18,"b:93:22:93:Infinity:94:22:94:Infinity":3,"b:100:17:100:Infinity:101:18:103:Infinity":4,"f:112:29:112:30":5,"s:113:12:232:Infinity":19,"b:123:19:123:Infinity:124:20:126:Infinity":5,"b:136:30:136:Infinity:137:30:143:Infinity":6,"b:138:32:138:Infinity:139:32:143:Infinity":7,"b:140:34:140:Infinity:141:34:143:Infinity":8,"b:142:36:142:Infinity:143:36:143:Infinity":9,"f:182:49:182:50":6,"s:183:24:189:Infinity":20,"b:191:23:191:Infinity:192:24:194:Infinity":10,"b:205:28:205:Infinity:206:28:208:Infinity":11,"b:207:30:207:Infinity:208:30:208:Infinity":12,"b:214:30:214:Infinity:215:30:215:Infinity":13,"b:217:66:217:84:217:84:217:Infinity":14,"b:221:26:223:Infinity:225:26:225:Infinity":15,"b:237:9:237:Infinity:238:10:246:Infinity":16,"f:269:25:269:Infinity":7,"s:270:18:270:Infinity":21}}}
,"/app/src/components/sections/ContactSection.tsx": {"path":"/app/src/components/sections/ContactSection.tsx","statementMap":{"0":{"start":{"line":7,"column":40},"end":{"line":201,"column":null}},"1":{"start":{"line":8,"column":66},"end":{"line":8,"column":null}},"2":{"start":{"line":10,"column":29},"end":{"line":14,"column":null}},"3":{"start":{"line":11,"column":4},"end":{"line":13,"column":null}},"4":{"start":{"line":12,"column":6},"end":{"line":12,"column":null}},"5":{"start":{"line":16,"column":23},"end":{"line":19,"column":null}},"6":{"start":{"line":17,"column":4},"end":{"line":17,"column":null}},"7":{"start":{"line":18,"column":4},"end":{"line":18,"column":null}},"8":{"start":{"line":21,"column":2},"end":{"line":199,"column":null}},"9":{"start":{"line":36,"column":12},"end":{"line":44,"column":null}},"10":{"start":{"line":39,"column":29},"end":{"line":39,"column":null}},"11":{"start":{"line":87,"column":33},"end":{"line":87,"column":null}},"12":{"start":{"line":110,"column":33},"end":{"line":110,"column":null}},"13":{"start":{"line":133,"column":33},"end":{"line":133,"column":null}},"14":{"start":{"line":154,"column":33},"end":{"line":154,"column":null}},"15":{"start":{"line":173,"column":31},"end":{"line":173,"column":null}},"16":{"start":{"line":192,"column":14},"end":{"line":192,"column":null}}},"fnMap":{"0":{"name":"(anonymous_0)","decl":{"start":{"line":7,"column":40},"end":{"line":7,"column":46}},"loc":{"start":{"line":7,"column":46},"end":{"line":201,"column":null}},"line":7},"1":{"name":"(anonymous_1)","decl":{"start":{"line":10,"column":29},"end":{"line":10,"column":30}},"loc":{"start":{"line":10,"column":47},"end":{"line":14,"column":null}},"line":10},"2":{"name":"(anonymous_2)","decl":{"start":{"line":16,"column":23},"end":{"line":16,"column":30}},"loc":{"start":{"line":16,"column":53},"end":{"line":19,"column":null}},"line":16},"3":{"name":"(anonymous_3)","decl":{"start":{"line":35,"column":30},"end":{"line":35,"column":31}},"loc":{"start":{"line":36,"column":12},"end":{"line":44,"column":null}},"line":36},"4":{"name":"(anonymous_4)","decl":{"start":{"line":39,"column":23},"end":{"line":39,"column":29}},"loc":{"start":{"line":39,"column":29},"end":{"line":39,"column":null}},"line":39},"5":{"name":"(anonymous_5)","decl":{"start":{"line":87,"column":26},"end":{"line":87,"column":27}},"loc":{"start":{"line":87,"column":33},"end":{"line":87,"column":null}},"line":87},"6":{"name":"(anonymous_6)","decl":{"start":{"line":110,"column":26},"end":{"line":110,"column":27}},"loc":{"start":{"line":110,"column":33},"end":{"line":110,"column":null}},"line":110},"7":{"name":"(anonymous_7)","decl":{"start":{"line":133,"column":26},"end":{"line":133,"column":27}},"loc":{"start":{"line":133,"column":33},"end":{"line":133,"column":null}},"line":133},"8":{"name":"(anonymous_8)","decl":{"start":{"line":154,"column":26},"end":{"line":154,"column":27}},"loc":{"start":{"line":154,"column":33},"end":{"line":154,"column":null}},"line":154},"9":{"name":"(anonymous_9)","decl":{"start":{"line":173,"column":24},"end":{"line":173,"column":25}},"loc":{"start":{"line":173,"column":31},"end":{"line":173,"column":null}},"line":173},"10":{"name":"(anonymous_10)","decl":{"start":{"line":190,"column":21},"end":{"line":190,"column":27}},"loc":{"start":{"line":190,"column":27},"end":{"line":193,"column":null}},"line":190}},"branchMap":{"0":{"loc":{"start":{"line":11,"column":4},"end":{"line":13,"column":null}},"type":"if","locations":[{"start":{"line":11,"column":4},"end":{"line":13,"column":null}},{"start":{},"end":{}}],"line":11},"1":{"loc":{"start":{"line":56,"column":13},"end":{"line":59,"column":null}},"type":"binary-expr","locations":[{"start":{"line":56,"column":13},"end":{"line":56,"column":null}},{"start":{"line":57,"column":14},"end":{"line":59,"column":null}}],"line":56},"2":{"loc":{"start":{"line":61,"column":13},"end":{"line":64,"column":null}},"type":"binary-expr","locations":[{"start":{"line":61,"column":13},"end":{"line":61,"column":24}},{"start":{"line":61,"column":24},"end":{"line":61,"column":null}},{"start":{"line":62,"column":14},"end":{"line":64,"column":null}}],"line":61},"3":{"loc":{"start":{"line":92,"column":34},"end":{"line":92,"column":null}},"type":"cond-expr","locations":[{"start":{"line":92,"column":54},"end":{"line":92,"column":69}},{"start":{"line":92,"column":69},"end":{"line":92,"column":null}}],"line":92},"4":{"loc":{"start":{"line":94,"column":15},"end":{"line":97,"column":null}},"type":"binary-expr","locations":[{"start":{"line":94,"column":15},"end":{"line":94,"column":null}},{"start":{"line":95,"column":16},"end":{"line":97,"column":null}}],"line":94},"5":{"loc":{"start":{"line":115,"column":34},"end":{"line":115,"column":null}},"type":"cond-expr","locations":[{"start":{"line":115,"column":55},"end":{"line":115,"column":71}},{"start":{"line":115,"column":71},"end":{"line":115,"column":null}}],"line":115},"6":{"loc":{"start":{"line":117,"column":15},"end":{"line":120,"column":null}},"type":"binary-expr","locations":[{"start":{"line":117,"column":15},"end":{"line":117,"column":null}},{"start":{"line":118,"column":16},"end":{"line":120,"column":null}}],"line":117},"7":{"loc":{"start":{"line":137,"column":34},"end":{"line":137,"column":null}},"type":"cond-expr","locations":[{"start":{"line":137,"column":57},"end":{"line":137,"column":75}},{"start":{"line":137,"column":75},"end":{"line":137,"column":null}}],"line":137},"8":{"loc":{"start":{"line":139,"column":15},"end":{"line":142,"column":null}},"type":"binary-expr","locations":[{"start":{"line":139,"column":15},"end":{"line":139,"column":null}},{"start":{"line":140,"column":16},"end":{"line":142,"column":null}}],"line":139},"9":{"loc":{"start":{"line":160,"column":34},"end":{"line":160,"column":null}},"type":"cond-expr","locations":[{"start":{"line":160,"column":57},"end":{"line":160,"column":75}},{"start":{"line":160,"column":75},"end":{"line":160,"column":null}}],"line":160},"10":{"loc":{"start":{"line":162,"column":15},"end":{"line":165,"column":null}},"type":"binary-expr","locations":[{"start":{"line":162,"column":15},"end":{"line":162,"column":null}},{"start":{"line":163,"column":16},"end":{"line":165,"column":null}}],"line":162},"11":{"loc":{"start":{"line":181,"column":15},"end":{"line":181,"column":null}},"type":"cond-expr","locations":[{"start":{"line":181,"column":30},"end":{"line":181,"column":45}},{"start":{"line":181,"column":45},"end":{"line":181,"column":null}}],"line":181}},"s":{"0":1,"1":1,"2":1,"3":1,"4":0,"5":0,"6":0,"7":0,"8":0,"9":0,"10":0,"11":0,"12":0,"13":0,"14":0,"15":0,"16":0},"f":{"0":1,"1":1,"2":0,"3":0,"4":0,"5":0,"6":0,"7":0,"8":0,"9":0,"10":0},"b":{"0":[1,0],"1":[0,0],"2":[0,0,0],"3":[0,0],"4":[0,0],"5":[0,0],"6":[0,0],"7":[0,0],"8":[0,0],"9":[0,0],"10":[0,0],"11":[0,0]},"meta":{"lastBranch":12,"lastFunction":11,"lastStatement":17,"seen":{"s:7:40:201:Infinity":0,"f:7:40:7:46":0,"s:8:66:8:Infinity":1,"s:10:29:14:Infinity":2,"f:10:29:10:30":1,"b:11:4:13:Infinity:undefined:undefined:undefined:undefined":0,"s:11:4:13:Infinity":3,"s:12:6:12:Infinity":4,"s:16:23:19:Infinity":5,"f:16:23:16:30":2,"s:17:4:17:Infinity":6,"s:18:4:18:Infinity":7,"s:21:2:199:Infinity":8,"f:35:30:35:31":3,"s:36:12:44:Infinity":9,"f:39:23:39:29":4,"s:39:29:39:Infinity":10,"b:56:13:56:Infinity:57:14:59:Infinity":1,"b:61:13:61:24:61:24:61:Infinity:62:14:64:Infinity":2,"f:87:26:87:27":5,"s:87:33:87:Infinity":11,"b:92:54:92:69:92:69:92:Infinity":3,"b:94:15:94:Infinity:95:16:97:Infinity":4,"f:110:26:110:27":6,"s:110:33:110:Infinity":12,"b:115:55:115:71:115:71:115:Infinity":5,"b:117:15:117:Infinity:118:16:120:Infinity":6,"f:133:26:133:27":7,"s:133:33:133:Infinity":13,"b:137:57:137:75:137:75:137:Infinity":7,"b:139:15:139:Infinity:140:16:142:Infinity":8,"f:154:26:154:27":8,"s:154:33:154:Infinity":14,"b:160:57:160:75:160:75:160:Infinity":9,"b:162:15:162:Infinity:163:16:165:Infinity":10,"f:173:24:173:25":9,"s:173:31:173:Infinity":15,"b:181:30:181:45:181:45:181:Infinity":11,"f:190:21:190:27":10,"s:192:14:192:Infinity":16}}}
,"/app/src/components/sections/GitHubSection.tsx": {"path":"/app/src/components/sections/GitHubSection.tsx","statementMap":{"0":{"start":{"line":9,"column":39},"end":{"line":146,"column":null}},"1":{"start":{"line":10,"column":32},"end":{"line":10,"column":null}},"2":{"start":{"line":12,"column":15},"end":{"line":16,"column":null}},"3":{"start":{"line":18,"column":2},"end":{"line":144,"column":null}},"4":{"start":{"line":55,"column":18},"end":{"line":68,"column":null}},"5":{"start":{"line":57,"column":35},"end":{"line":57,"column":null}}},"fnMap":{"0":{"name":"(anonymous_0)","decl":{"start":{"line":9,"column":39},"end":{"line":9,"column":45}},"loc":{"start":{"line":9,"column":45},"end":{"line":146,"column":null}},"line":9},"1":{"name":"(anonymous_1)","decl":{"start":{"line":54,"column":26},"end":{"line":54,"column":27}},"loc":{"start":{"line":55,"column":18},"end":{"line":68,"column":null}},"line":55},"2":{"name":"(anonymous_2)","decl":{"start":{"line":57,"column":29},"end":{"line":57,"column":35}},"loc":{"start":{"line":57,"column":35},"end":{"line":57,"column":null}},"line":57}},"branchMap":{"0":{"loc":{"start":{"line":59,"column":22},"end":{"line":61,"column":null}},"type":"cond-expr","locations":[{"start":{"line":60,"column":26},"end":{"line":60,"column":null}},{"start":{"line":61,"column":26},"end":{"line":61,"column":null}}],"line":59},"1":{"loc":{"start":{"line":83,"column":13},"end":{"line":91,"column":null}},"type":"binary-expr","locations":[{"start":{"line":83,"column":13},"end":{"line":83,"column":null}},{"start":{"line":84,"column":14},"end":{"line":91,"column":null}}],"line":83},"2":{"loc":{"start":{"line":94,"column":13},"end":{"line":94,"column":null}},"type":"binary-expr","locations":[{"start":{"line":94,"column":13},"end":{"line":94,"column":38}},{"start":{"line":94,"column":38},"end":{"line":94,"column":null}}],"line":94},"3":{"loc":{"start":{"line":96,"column":13},"end":{"line":99,"column":null}},"type":"binary-expr","locations":[{"start":{"line":96,"column":13},"end":{"line":96,"column":null}},{"start":{"line":97,"column":14},"end":{"line":99,"column":null}}],"line":96}},"s":{"0":0,"1":0,"2":0,"3":0,"4":0,"5":0},"f":{"0":0,"1":0,"2":0},"b":{"0":[0,0],"1":[0,0],"2":[0,0],"3":[0,0]},"meta":{"lastBranch":4,"lastFunction":3,"lastStatement":6,"seen":{"s:9:39:146:Infinity":0,"f:9:39:9:45":0,"s:10:32:10:Infinity":1,"s:12:15:16:Infinity":2,"s:18:2:144:Infinity":3,"f:54:26:54:27":1,"s:55:18:68:Infinity":4,"f:57:29:57:35":2,"s:57:35:57:Infinity":5,"b:60:26:60:Infinity:61:26:61:Infinity":0,"b:83:13:83:Infinity:84:14:91:Infinity":1,"b:94:13:94:38:94:38:94:Infinity":2,"b:96:13:96:Infinity:97:14:99:Infinity":3}}}
,"/app/src/components/sections/HeroSection.tsx": {"path":"/app/src/components/sections/HeroSection.tsx","statementMap":{"0":{"start":{"line":10,"column":37},"end":{"line":129,"column":null}},"1":{"start":{"line":11,"column":26},"end":{"line":11,"column":null}},"2":{"start":{"line":13,"column":23},"end":{"line":19,"column":null}},"3":{"start":{"line":21,"column":2},"end":{"line":127,"column":null}},"4":{"start":{"line":81,"column":31},"end":{"line":81,"column":null}},"5":{"start":{"line":91,"column":31},"end":{"line":91,"column":null}}},"fnMap":{"0":{"name":"(anonymous_0)","decl":{"start":{"line":10,"column":37},"end":{"line":10,"column":43}},"loc":{"start":{"line":10,"column":43},"end":{"line":129,"column":null}},"line":10},"1":{"name":"(anonymous_1)","decl":{"start":{"line":81,"column":25},"end":{"line":81,"column":31}},"loc":{"start":{"line":81,"column":31},"end":{"line":81,"column":null}},"line":81},"2":{"name":"(anonymous_2)","decl":{"start":{"line":91,"column":25},"end":{"line":91,"column":31}},"loc":{"start":{"line":91,"column":31},"end":{"line":91,"column":null}},"line":91}},"branchMap":{},"s":{"0":1,"1":2,"2":2,"3":2,"4":0,"5":0},"f":{"0":2,"1":0,"2":0},"b":{},"meta":{"lastBranch":0,"lastFunction":3,"lastStatement":6,"seen":{"s:10:37:129:Infinity":0,"f:10:37:10:43":0,"s:11:26:11:Infinity":1,"s:13:23:19:Infinity":2,"s:21:2:127:Infinity":3,"f:81:25:81:31":1,"s:81:31:81:Infinity":4,"f:91:25:91:31":2,"s:91:31:91:Infinity":5}}}
,"/app/src/components/sections/LearningJourneySection.tsx": {"path":"/app/src/components/sections/LearningJourneySection.tsx","statementMap":{"0":{"start":{"line":10,"column":48},"end":{"line":299,"column":null}},"1":{"start":{"line":11,"column":38},"end":{"line":11,"column":null}},"2":{"start":{"line":12,"column":28},"end":{"line":12,"column":null}},"3":{"start":{"line":13,"column":17},"end":{"line":13,"column":null}},"4":{"start":{"line":15,"column":25},"end":{"line":15,"column":null}},"5":{"start":{"line":17,"column":21},"end":{"line":19,"column":null}},"6":{"start":{"line":18,"column":4},"end":{"line":18,"column":null}},"7":{"start":{"line":21,"column":26},"end":{"line":30,"column":null}},"8":{"start":{"line":22,"column":67},"end":{"line":28,"column":null}},"9":{"start":{"line":29,"column":4},"end":{"line":29,"column":null}},"10":{"start":{"line":32,"column":2},"end":{"line":297,"column":null}},"11":{"start":{"line":61,"column":14},"end":{"line":239,"column":null}},"12":{"start":{"line":79,"column":39},"end":{"line":79,"column":null}},"13":{"start":{"line":142,"column":38},"end":{"line":148,"column":null}},"14":{"start":{"line":161,"column":40},"end":{"line":166,"column":null}},"15":{"start":{"line":180,"column":40},"end":{"line":186,"column":null}},"16":{"start":{"line":200,"column":40},"end":{"line":206,"column":null}},"17":{"start":{"line":220,"column":40},"end":{"line":226,"column":null}},"18":{"start":{"line":248,"column":29},"end":{"line":248,"column":null}},"19":{"start":{"line":279,"column":52},"end":{"line":279,"column":77}},"20":{"start":{"line":285,"column":52},"end":{"line":285,"column":79}}},"fnMap":{"0":{"name":"(anonymous_0)","decl":{"start":{"line":10,"column":48},"end":{"line":10,"column":54}},"loc":{"start":{"line":10,"column":54},"end":{"line":299,"column":null}},"line":10},"1":{"name":"(anonymous_1)","decl":{"start":{"line":17,"column":21},"end":{"line":17,"column":22}},"loc":{"start":{"line":17,"column":37},"end":{"line":19,"column":null}},"line":17},"2":{"name":"(anonymous_2)","decl":{"start":{"line":21,"column":26},"end":{"line":21,"column":27}},"loc":{"start":{"line":21,"column":73},"end":{"line":30,"column":null}},"line":21},"3":{"name":"(anonymous_3)","decl":{"start":{"line":60,"column":32},"end":{"line":60,"column":33}},"loc":{"start":{"line":61,"column":14},"end":{"line":239,"column":null}},"line":61},"4":{"name":"(anonymous_4)","decl":{"start":{"line":79,"column":33},"end":{"line":79,"column":39}},"loc":{"start":{"line":79,"column":39},"end":{"line":79,"column":null}},"line":79},"5":{"name":"(anonymous_5)","decl":{"start":{"line":141,"column":75},"end":{"line":141,"column":76}},"loc":{"start":{"line":142,"column":38},"end":{"line":148,"column":null}},"line":142},"6":{"name":"(anonymous_6)","decl":{"start":{"line":160,"column":77},"end":{"line":160,"column":78}},"loc":{"start":{"line":161,"column":40},"end":{"line":166,"column":null}},"line":161},"7":{"name":"(anonymous_7)","decl":{"start":{"line":179,"column":77},"end":{"line":179,"column":78}},"loc":{"start":{"line":180,"column":40},"end":{"line":186,"column":null}},"line":180},"8":{"name":"(anonymous_8)","decl":{"start":{"line":199,"column":75},"end":{"line":199,"column":76}},"loc":{"start":{"line":200,"column":40},"end":{"line":206,"column":null}},"line":200},"9":{"name":"(anonymous_9)","decl":{"start":{"line":219,"column":74},"end":{"line":219,"column":75}},"loc":{"start":{"line":220,"column":40},"end":{"line":226,"column":null}},"line":220},"10":{"name":"(anonymous_10)","decl":{"start":{"line":248,"column":23},"end":{"line":248,"column":29}},"loc":{"start":{"line":248,"column":29},"end":{"line":248,"column":null}},"line":248},"11":{"name":"(anonymous_11)","decl":{"start":{"line":279,"column":42},"end":{"line":279,"column":43}},"loc":{"start":{"line":279,"column":52},"end":{"line":279,"column":77}},"line":279},"12":{"name":"(anonymous_12)","decl":{"start":{"line":285,"column":42},"end":{"line":285,"column":43}},"loc":{"start":{"line":285,"column":52},"end":{"line":285,"column":79}},"line":285}},"branchMap":{"0":{"loc":{"start":{"line":15,"column":25},"end":{"line":15,"column":null}},"type":"cond-expr","locations":[{"start":{"line":15,"column":35},"end":{"line":15,"column":53}},{"start":{"line":15,"column":53},"end":{"line":15,"column":null}}],"line":15},"1":{"loc":{"start":{"line":18,"column":20},"end":{"line":18,"column":51}},"type":"cond-expr","locations":[{"start":{"line":18,"column":42},"end":{"line":18,"column":49}},{"start":{"line":18,"column":49},"end":{"line":18,"column":51}}],"line":18},"2":{"loc":{"start":{"line":64,"column":20},"end":{"line":64,"column":null}},"type":"cond-expr","locations":[{"start":{"line":64,"column":38},"end":{"line":64,"column":54}},{"start":{"line":64,"column":54},"end":{"line":64,"column":null}}],"line":64},"3":{"loc":{"start":{"line":74,"column":55},"end":{"line":74,"column":94}},"type":"cond-expr","locations":[{"start":{"line":74,"column":73},"end":{"line":74,"column":85}},{"start":{"line":74,"column":85},"end":{"line":74,"column":94}}],"line":74},"4":{"loc":{"start":{"line":103,"column":47},"end":{"line":103,"column":82}},"type":"cond-expr","locations":[{"start":{"line":103,"column":74},"end":{"line":103,"column":80}},{"start":{"line":103,"column":80},"end":{"line":103,"column":82}}],"line":103},"5":{"loc":{"start":{"line":116,"column":27},"end":{"line":232,"column":null}},"type":"binary-expr","locations":[{"start":{"line":116,"column":27},"end":{"line":116,"column":null}},{"start":{"line":117,"column":28},"end":{"line":232,"column":null}}],"line":116},"6":{"loc":{"start":{"line":154,"column":33},"end":{"line":169,"column":null}},"type":"binary-expr","locations":[{"start":{"line":154,"column":33},"end":{"line":154,"column":null}},{"start":{"line":155,"column":34},"end":{"line":169,"column":null}}],"line":154},"7":{"loc":{"start":{"line":173,"column":33},"end":{"line":189,"column":null}},"type":"binary-expr","locations":[{"start":{"line":173,"column":33},"end":{"line":173,"column":null}},{"start":{"line":174,"column":34},"end":{"line":189,"column":null}}],"line":173},"8":{"loc":{"start":{"line":193,"column":33},"end":{"line":209,"column":null}},"type":"binary-expr","locations":[{"start":{"line":193,"column":33},"end":{"line":193,"column":null}},{"start":{"line":194,"column":34},"end":{"line":209,"column":null}}],"line":193},"9":{"loc":{"start":{"line":213,"column":33},"end":{"line":229,"column":null}},"type":"binary-expr","locations":[{"start":{"line":213,
[...]
:{"name":"(anonymous_1)","decl":{"start":{"line":23,"column":12},"end":{"line":23,"column":18}},"loc":{"start":{"line":23,"column":18},"end":{"line":74,"column":5}},"line":23},"2":{"name":"(anonymous_2)","decl":{"start":{"line":24,"column":30},"end":{"line":24,"column":36}},"loc":{"start":{"line":24,"column":36},"end":{"line":64,"column":null}},"line":24},"3":{"name":"(anonymous_3)","decl":{"start":{"line":70,"column":25},"end":{"line":70,"column":31}},"loc":{"start":{"line":70,"column":31},"end":{"line":70,"column":null}},"line":70},"4":{"name":"(anonymous_4)","decl":{"start":{"line":73,"column":11},"end":{"line":73,"column":17}},"loc":{"start":{"line":73,"column":17},"end":{"line":73,"column":null}},"line":73},"5":{"name":"(anonymous_5)","decl":{"start":{"line":80,"column":28},"end":{"line":80,"column":34}},"loc":{"start":{"line":80,"column":34},"end":{"line":120,"column":null}},"line":80},"6":{"name":"(anonymous_6)","decl":{"start":{"line":84,"column":12},"end":{"line":84,"column":18}},"loc":{"start":{"line":84,"column":18},"end":{"line":117,"column":5}},"line":84},"7":{"name":"(anonymous_7)","decl":{"start":{"line":89,"column":23},"end":{"line":89,"column":29}},"loc":{"start":{"line":89,"column":29},"end":{"line":113,"column":null}},"line":89},"8":{"name":"(anonymous_8)","decl":{"start":{"line":102,"column":39},"end":{"line":102,"column":40}},"loc":{"start":{"line":102,"column":49},"end":{"line":102,"column":56}},"line":102},"9":{"name":"(anonymous_9)","decl":{"start":{"line":116,"column":11},"end":{"line":116,"column":17}},"loc":{"start":{"line":116,"column":17},"end":{"line":116,"column":null}},"line":116},"10":{"name":"(anonymous_10)","decl":{"start":{"line":123,"column":37},"end":{"line":123,"column":43}},"loc":{"start":{"line":123,"column":43},"end":{"line":163,"column":null}},"line":123},"11":{"name":"(anonymous_11)","decl":{"start":{"line":127,"column":29},"end":{"line":127,"column":35}},"loc":{"start":{"line":127,"column":35},"end":{"line":155,"column":null}},"line":127}},"branchMap":{"0":{"loc":{"start":{"line":30,"column":27},"end":{"line":30,"column":null}},"type":"binary-expr","locations":[{"start":{"line":30,"column":27},"end":{"line":30,"column":53}},{"start":{"line":30,"column":53},"end":{"line":30,"column":null}}],"line":30},"1":{"loc":{"start":{"line":33,"column":26},"end":{"line":35,"column":null}},"type":"binary-expr","locations":[{"start":{"line":33,"column":26},"end":{"line":33,"column":null}},{"start":{"line":34,"column":8},"end":{"line":34,"column":null}},{"start":{"line":35,"column":8},"end":{"line":35,"column":null}}],"line":33},"2":{"loc":{"start":{"line":36,"column":30},"end":{"line":40,"column":null}},"type":"cond-expr","locations":[{"start":{"line":37,"column":10},"end":{"line":39,"column":null}},{"start":{"line":40,"column":10},"end":{"line":40,"column":null}}],"line":36},"3":{"loc":{"start":{"line":37,"column":10},"end":{"line":39,"column":null}},"type":"cond-expr","locations":[{"start":{"line":38,"column":12},"end":{"line":38,"column":null}},{"start":{"line":39,"column":12},"end":{"line":39,"column":null}}],"line":37},"4":{"loc":{"start":{"line":37,"column":10},"end":{"line":37,"column":null}},"type":"binary-expr","locations":[{"start":{"line":37,"column":10},"end":{"line":37,"column":52}},{"start":{"line":37,"column":52},"end":{"line":37,"column":null}}],"line":37},"5":{"loc":{"start":{"line":44,"column":8},"end":{"line":46,"column":null}},"type":"binary-expr","locations":[{"start":{"line":44,"column":8},"end":{"line":44,"column":null}},{"start":{"line":45,"column":8},"end":{"line":45,"column":null}},{"start":{"line":46,"column":8},"end":{"line":46,"column":null}}],"line":44},"6":{"loc":{"start":{"line":49,"column":26},"end":{"line":55,"column":null}},"type":"cond-expr","locations":[{"start":{"line":50,"column":10},"end":{"line":54,"column":null}},{"start":{"line":55,"column":10},"end":{"line":55,"column":null}}],"line":49},"7":{"loc":{"start":{"line":62,"column":32},"end":{"line":62,"column":null}},"type":"binary-expr","locations":[{"start":{"line":62,"column":32},"end":{"line":62,"column":44}},{"start":{"line":62,"column":44},"end":{"line":62,"column":null}}],"line":62},"8":{"loc":{"start":{"line":93,"column":6},"end":{"line":110,"column":null}},"type":"if","locations":[{"start":{"line":93,"column":6},"end":{"line":110,"column":null}},{"start":{},"end":{}}],"line":93},"9":{"loc":{"start":{"line":98,"column":8},"end":{"line":100,"column":null}},"type":"if","locations":[{"start":{"line":98,"column":8},"end":{"line":100,"column":null}},{"start":{},"end":{}}],"line":98},"10":{"loc":{"start":{"line":128,"column":4},"end":{"line":136,"column":null}},"type":"if","locations":[{"start":{"line":128,"column":4},"end":{"line":136,"column":null}},{"start":{},"end":{}}],"line":128},"11":{"loc":{"start":{"line":128,"column":8},"end":{"line":128,"column":68}},"type":"binary-expr","locations":[{"start":{"line":128,"column":8},"end":{"line":128,"column":45}},{"start":{"line":128,"column":45},"end":{"line":128,"column":58}},{"start":{"line":128,"column":58},"end":{"line":128,"column":68}}],"line":128},"12":{"loc":{"start":{"line":138,"column":4},"end":{"line":146,"column":null}},"type":"if","locations":[{"start":{"line":138,"column":4},"end":{"line":146,"column":null}},{"start":{},"end":{}}],"line":138},"13":{"loc":{"start":{"line":138,"column":8},"end":{"line":138,"column":41}},"type":"binary-expr","locations":[{"start":{"line":138,"column":8},"end":{"line":138,"column":31}},{"start":{"line":138,"column":31},"end":{"line":138,"column":41}}],"line":138}},"s":{"0":1,"1":2,"2":2,"3":1,"4":1,"5":1,"6":1,"7":1,"8":1,"9":1,"10":1,"11":1,"12":1,"13":1,"14":1,"15":0,"16":1,"17":1,"18":1,"19":2,"20":1,"21":2,"22":2,"23":2,"24":1,"25":1,"26":1,"27":1,"28":0,"29":0,"30":0,"31":0,"32":0,"33":0,"34":0,"35":0,"36":0,"37":0,"38":0,"39":0,"40":0,"41":0,"42":1,"43":1,"44":1,"45":2,"46":1,"47":2,"48":2,"49":2,"50":2,"51":0,"52":2,"53":0,"54":2,"55":2},"f":{"0":2,"1":1,"2":1,"3":0,"4":1,"5":2,"6":1,"7":0,"8":0,"9":1,"10":2,"11":2},"b":{"0":[1,1],"1":[1,1,1],"2":[0,1],"3":[0,0],"4":[0,0],"5":[1,1,1],"6":[0,1],"7":[1,1],"8":[0,0],"9":[0,0],"10":[0,2],"11":[2,2,2],"12":[0,2],"13":[2,2]},"meta":{"lastBranch":14,"lastFunction":12,"lastStatement":56,"seen":{"s:15:36:77:Infinity":0,"f:15:36:15:61":0,"s:16:36:21:Infinity":1,"s:23:2:74:Infinity":2,"f:23:12:23:18":1,"s:24:30:64:Infinity":3,"f:24:30:24:36":2,"s:26:35:26:Infinity":4,"s:29:24:29:Infinity":5,"s:30:27:30:Infinity":6,"b:30:27:30:53:30:53:30:Infinity":0,"s:33:26:35:Infinity":7,"b:33:26:33:Infinity:34:8:34:Infinity:35:8:35:Infinity":1,"s:36:30:40:Infinity":8,"b:37:10:39:Infinity:40:10:40:Infinity":2,"b:38:12:38:Infinity:39:12:39:Infinity":3,"b:37:10:37:52:37:52:37:Infinity":4,"s:44:8:46:Infinity":9,"b:44:8:44:Infinity:45:8:45:Infinity:46:8:46:Infinity":5,"s:49:26:55:Infinity":10,"b:50:10:54:Infinity:55:10:55:Infinity":6,"s:57:6:63:Infinity":11,"b:62:32:62:44:62:44:62:Infinity":7,"s:66:4:66:Infinity":12,"s:69:23:69:Infinity":13,"s:70:25:70:Infinity":14,"f:70:25:70:31":3,"s:70:31:70:Infinity":15,"s:72:4:72:Infinity":16,"s:73:4:73:Infinity":17,"f:73:11:73:17":4,"s:73:17:73:Infinity":18,"s:76:2:76:Infinity":19,"s:80:28:120:Infinity":20,"f:80:28:80:34":5,"s:81:20:81:Infinity":21,"s:82:30:82:Infinity":22,"s:84:2:117:Infinity":23,"f:84:12:84:18":6,"s:85:21:85:Infinity":24,"s:86:19:86:Infinity":25,"s:87:29:87:Infinity":26,"s:89:23:113:Infinity":27,"f:89:23:89:29":7,"s:90:6:90:Infinity":28,"s:91:26:91:Infinity":29,"b:93:6:110:Infinity:undefined:undefined:undefined:undefined":8,"s:93:6:110:Infinity":30,"s:94:27:94:Infinity":31,"s:95:8:95:Infinity":32,"b:98:8:100:Infinity:undefined:undefined:undefined:undefined":9,"s:98:8:100:Infinity":33,"s:99:10:99:Infinity":34,"s:102:23:102:Infinity":35,"f:102:39:102:40":8,"s:102:49:102:56":36,"s:103:8:103:Infinity":37,"s:106:8:106:Infinity":38,"s:108:8:108:Infinity":39,"s:109:8:109:Infinity":40,"s:112:6:112:Infinity":41,"s:115:24:115:Infinity":42,"s:116:4:116:Infinity":43,"f:116:11:116:17":9,"s:116:17:116:Infinity":44,"s:119:2:119:Infinity":45,"s:123:37:163:Infinity":46,"f:123:37:123:43":10,"s:124:21:124:Infinity":47,"s:125:28:125:Infinity":48,"s:127:29:155:Infinity":49,"f:127:29:127:35":11,"b:128:4:136:Infinity:undefined:undefined:undefined:undefined":10,"s:128:4:136:Infinity":50,"b:128:8:128:45:128:45:128:58:128:58:128:68":11,"s:129:6:135:Infinity":51,"b:138:4:146:Infinity:undefined:undefined:undefined:undefined":12,"s:138:4:146:Infinity":52,"b:138:8:138:31:138:31:138:41":13,"s:139:6:145:Infinity":53,"s:148:4:154:Infinity":54,"s:157:2:162:Infinity":55}}}
,"/app/src/hooks/useFocusReturn.ts": {"path":"/app/src/hooks/useFocusReturn.ts","statementMap":{"0":{"start":{"line":5,"column":30},"end":{"line":19,"column":null}},"1":{"start":{"line":6,"column":8},"end":{"line":6,"column":null}},"2":{"start":{"line":8,"column":2},"end":{"line":10,"column":null}},"3":{"start":{"line":9,"column":4},"end":{"line":9,"column":null}},"4":{"start":{"line":12,"column":22},"end":{"line":16,"column":null}},"5":{"start":{"line":13,"column":4},"end":{"line":15,"column":null}},"6":{"start":{"line":14,"column":6},"end":{"line":14,"column":null}},"7":{"start":{"line":18,"column":2},"end":{"line":18,"column":null}},"8":{"start":{"line":22,"column":35},"end":{"line":34,"column":null}},"9":{"start":{"line":23,"column":18},"end":{"line":23,"column":null}},"10":{"start":{"line":24,"column":2},"end":{"line":24,"column":null}},"11":{"start":{"line":24,"column":16},"end":{"line":24,"column":null}},"12":{"start":{"line":26,"column":18},"end":{"line":26,"column":null}},"13":{"start":{"line":27,"column":2},"end":{"line":33,"column":null}},"14":{"start":{"line":28,"column":4},"end":{"line":28,"column":null}},"15":{"start":{"line":29,"column":4},"end":{"line":29,"column":null}},"16":{"start":{"line":31,"column":19},"end":{"line":31,"column":null}},"17":{"start":{"line":31,"column":25},"end":{"line":31,"column":null}},"18":{"start":{"line":32,"column":4},"end":{"line":32,"column":null}}},"fnMap":{"0":{"name":"(anonymous_0)","decl":{"start":{"line":5,"column":30},"end":{"line":5,"column":36}},"loc":{"start":{"line":5,"column":36},"end":{"line":19,"column":null}},"line":5},"1":{"name":"(anonymous_1)","decl":{"start":{"line":8,"column":12},"end":{"line":8,"column":18}},"loc":{"start":{"line":8,"column":18},"end":{"line":10,"column":5}},"line":8},"2":{"name":"(anonymous_2)","decl":{"start":{"line":12,"column":22},"end":{"line":12,"column":28}},"loc":{"start":{"line":12,"column":28},"end":{"line":16,"column":null}},"line":12},"3":{"name":"(anonymous_3)","decl":{"start":{"line":22,"column":35},"end":{"line":22,"column":36}},"loc":{"start":{"line":22,"column":58},"end":{"line":34,"column":null}},"line":22},"4":{"name":"(anonymous_4)","decl":{"start":{"line":31,"column":19},"end":{"line":31,"column":25}},"loc":{"start":{"line":31,"column":25},"end":{"line":31,"column":null}},"line":31}},"branchMap":{"0":{"loc":{"start":{"line":9,"column":32},"end":{"line":9,"column":null}},"type":"binary-expr","locations":[{"start":{"line":9,"column":32},"end":{"line":9,"column":74}},{"start":{"line":9,"column":74},"end":{"line":9,"column":null}}],"line":9},"1":{"loc":{"start":{"line":13,"column":4},"end":{"line":15,"column":null}},"type":"if","locations":[{"start":{"line":13,"column":4},"end":{"line":15,"column":null}},{"start":{},"end":{}}],"line":13},"2":{"loc":{"start":{"line":24,"column":2},"end":{"line":24,"column":null}},"type":"if","locations":[{"start":{"line":24,"column":2},"end":{"line":24,"column":null}},{"start":{},"end":{}}],"line":24},"3":{"loc":{"start":{"line":27,"column":2},"end":{"line":33,"column":null}},"type":"if","locations":[{"start":{"line":27,"column":2},"end":{"line":33,"column":null}},{"start":{},"end":{}}],"line":27}},"s":{"0":1,"1":0,"2":0,"3":0,"4":0,"5":0,"6":0,"7":0,"8":1,"9":0,"10":0,"11":0,"12":0,"13":0,"14":0,"15":0,"16":0,"17":0,"18":0},"f":{"0":0,"1":0,"2":0,"3":0,"4":0},"b":{"0":[0,0],"1":[0,0],"2":[0,0],"3":[0,0]},"meta":{"lastBranch":4,"lastFunction":5,"lastStatement":19,"seen":{"s:5:30:19:Infinity":0,"f:5:30:5:36":0,"s:6:8:6:Infinity":1,"s:8:2:10:Infinity":2,"f:8:12:8:18":1,"s:9:4:9:Infinity":3,"b:9:32:9:74:9:74:9:Infinity":0,"s:12:22:16:Infinity":4,"f:12:22:12:28":2,"b:13:4:15:Infinity:undefined:undefined:undefined:undefined":1,"s:13:4:15:Infinity":5,"s:14:6:14:Infinity":6,"s:18:2:18:Infinity":7,"s:22:35:34:Infinity":8,"f:22:35:22:36":3,"s:23:18:23:Infinity":9,"b:24:2:24:Infinity:undefined:undefined:undefined:undefined":2,"s:24:2:24:Infinity":10,"s:24:16:24:Infinity":11,"s:26:18:26:Infinity":12,"b:27:2:33:Infinity:undefined:undefined:undefined:undefined":3,"s:27:2:33:Infinity":13,"s:28:4:28:Infinity":14,"s:29:4:29:Infinity":15,"s:31:19:31:Infinity":16,"f:31:19:31:25":4,"s:31:25:31:Infinity":17,"s:32:4:32:Infinity":18}}}
,"/app/src/hooks/useScrollTo.ts": {"path":"/app/src/hooks/useScrollTo.ts","statementMap":{"0":{"start":{"line":4,"column":27},"end":{"line":39,"column":null}},"1":{"start":{"line":5,"column":8},"end":{"line":29,"column":null}},"2":{"start":{"line":14,"column":22},"end":{"line":14,"column":null}},"3":{"start":{"line":15,"column":6},"end":{"line":26,"column":null}},"4":{"start":{"line":16,"column":53},"end":{"line":16,"column":null}},"5":{"start":{"line":19,"column":32},"end":{"line":19,"column":null}},"6":{"start":{"line":20,"column":31},"end":{"line":20,"column":null}},"7":{"start":{"line":22,"column":8},"end":{"line":25,"column":null}},"8":{"start":{"line":31,"column":8},"end":{"line":36,"column":null}},"9":{"start":{"line":32,"column":4},"end":{"line":35,"column":null}},"10":{"start":{"line":38,"column":2},"end":{"line":38,"column":null}}},"fnMap":{"0":{"name":"(anonymous_0)","decl":{"start":{"line":4,"column":27},"end":{"line":4,"column":33}},"loc":{"start":{"line":4,"column":33},"end":{"line":39,"column":null}},"line":4},"1":{"name":"(anonymous_1)","decl":{"start":{"line":6,"column":4},"end":{"line":6,"column":null}},"loc":{"start":{"line":13,"column":9},"end":{"line":27,"column":null}},"line":13},"2":{"name":"(anonymous_2)","decl":{"start":{"line":31,"column":34},"end":{"line":31,"column":40}},"loc":{"start":{"line":31,"column":40},"end":{"line":36,"column":5}},"line":31}},"branchMap":{"0":{"loc":{"start":{"line":15,"column":6},"end":{"line":26,"column":null}},"type":"if","locations":[{"start":{"line":15,"column":6},"end":{"line":26,"column":null}},{"start":{},"end":{}}],"line":15},"1":{"loc":{"start":{"line":16,"column":16},"end":{"line":16,"column":29}},"type":"default-arg","locations":[{"start":{"line":16,"column":25},"end":{"line":16,"column":29}}],"line":16},"2":{"loc":{"start":{"line":16,"column":29},"end":{"line":16,"column":49}},"type":"default-arg","locations":[{"start":{"line":16,"column":40},"end":{"line":16,"column":49}}],"line":16},"3":{"loc":{"start":{"line":16,"column":53},"end":{"line":16,"column":null}},"type":"binary-expr","locations":[{"start":{"line":16,"column":53},"end":{"line":16,"column":64}},{"start":{"line":16,"column":64},"end":{"line":16,"column":null}}],"line":16}},"s":{"0":1,"1":3,"2":0,"3":0,"4":0,"5":0,"6":0,"7":0,"8":3,"9":0,"10":3},"f":{"0":3,"1":0,"2":0},"b":{"0":[0,0],"1":[0],"2":[0],"3":[0,0]},"meta":{"lastBranch":4,"lastFunction":3,"lastStatement":11,"seen":{"s:4:27:39:Infinity":0,"f:4:27:4:33":0,"s:5:8:29:Infinity":1,"f:6:4:6:Infinity":1,"s:14:22:14:Infinity":2,"b:15:6:26:Infinity:undefined:undefined:undefined:undefined":0,"s:15:6:26:Infinity":3,"s:16:53:16:Infinity":4,"b:16:25:16:29":1,"b:16:40:16:49":2,"b:16:53:16:64:16:64:16:Infinity":3,"s:19:32:19:Infinity":5,"s:20:31:20:Infinity":6,"s:22:8:25:Infinity":7,"s:31:8:36:Infinity":8,"f:31:34:31:40":2,"s:32:4:35:Infinity":9,"s:38:2:38:Infinity":10}}}
,"/app/src/services/contactService.ts": {"path":"/app/src/services/contactService.ts","statementMap":{"0":{"start":{"line":4,"column":22},"end":{"line":4,"column":null}},"1":{"start":{"line":5,"column":20},"end":{"line":5,"column":null}},"2":{"start":{"line":12,"column":56},"end":{"line":15,"column":null}},"3":{"start":{"line":21,"column":40},"end":{"line":21,"column":null}},"4":{"start":{"line":24,"column":2},"end":{"line":30,"column":null}},"5":{"start":{"line":25,"column":4},"end":{"line":29,"column":null}},"6":{"start":{"line":32,"column":14},"end":{"line":32,"column":null}},"7":{"start":{"line":33,"column":15},"end":{"line":33,"column":null}},"8":{"start":{"line":34,"column":2},"end":{"line":40,"column":null}},"9":{"start":{"line":35,"column":4},"end":{"line":39,"column":null}},"10":{"start":{"line":42,"column":2},"end":{"line":42,"column":null}},"11":{"start":{"line":45,"column":2},"end":{"line":45,"column":null}},"12":{"start":{"line":45,"column":29},"end":{"line":45,"column":59}},"13":{"start":{"line":48,"column":2},"end":{"line":52,"column":null}},"14":{"start":{"line":56,"column":15},"end":{"line":56,"column":null}},"15":{"start":{"line":57,"column":2},"end":{"line":57,"column":null}}},"fnMap":{"0":{"name":"submitContact","decl":{"start":{"line":17,"column":22},"end":{"line":17,"column":null}},"loc":{"start":{"line":20,"column":32},"end":{"line":53,"column":null}},"line":20},"1":{"name":"(anonymous_1)","decl":{"start":{"line":45,"column":20},"end":{"line":45,"column":21}},"loc":{"start":{"line":45,"column":29},"end":{"line":45,"column":59}},"line":45},"2":{"name":"canSubmit","decl":{"start":{"line":55,"column":16},"end":{"line":55,"column":26}},"loc":{"start":{"line":55,"column":75},"end":{"line":58,"column":null}},"line":55}},"branchMap":{"0":{"loc":{"start":{"line":19,"column":2},"end":{"line":19,"column":null}},"type":"default-arg","locations":[{"start":{"line":19,"column":35},"end":{"line":19,"column":null}}],"line":19},"1":{"loc":{"start":{"line":24,"column":2},"end":{"line":30,"column":null}},"type":"if","locations":[{"start":{"line":24,"column":2},"end":{"line":30,"column":null}},{"start":{},"end":{}}],"line":24},"2":{"loc":{"start":{"line":24,"column":6},"end":{"line":24,"column":54}},"type":"binary-expr","locations":[{"start":{"line":24,"column":6},"end":{"line":24,"column":22}},{"start":{"line":24,"column":22},"end":{"line":24,"column":54}}],"line":24},"3":{"loc":{"start":{"line":33,"column":15},"end":{"line":33,"column":null}},"type":"binary-expr","locations":[{"start":{"line":33,"column":15},"end":{"line":33,"column":48}},{"start":{"line":33,"column":48},"end":{"line":33,"column":null}}],"line":33},"4":{"loc":{"start":{"line":34,"column":2},"end":{"line":40,"column":null}},"type":"if","locations":[{"start":{"line":34,"column":2},"end":{"line":40,"column":null}},{"start":{},"end":{}}],"line":34},"5":{"loc":{"start":{"line":55,"column":41},"end":{"line":55,"column":75}},"type":"default-arg","locations":[{"start":{"line":55,"column":62},"end":{"line":55,"column":75}}],"line":55},"6":{"loc":{"start":{"line":56,"column":15},"end":{"line":56,"column":null}},"type":"binary-expr","locations":[{"start":{"line":56,"column":15},"end":{"line":56,"column":43}},{"start":{"line":56,"column":43},"end":{"line":56,"column":null}}],"line":56}},"s":{"0":1,"1":1,"2":1,"3":0,"4":0,"5":0,"6":0,"7":0,"8":0,"9":0,"10":0,"11":0,"12":0,"13":0,"14":0,"15":0},"f":{"0":0,"1":0,"2":0},"b":{"0":[0],"1":[0,0],"2":[0,0],"3":[0,0],"4":[0,0],"5":[0],"6":[0,0]},"meta":{"lastBranch":7,"lastFunction":3,"lastStatement":16,"seen":{"s:4:22:4:Infinity":0,"s:5:20:5:Infinity":1,"s:12:56:15:Infinity":2,"f:17:22:17:Infinity":0,"b:19:35:19:Infinity":0,"s:21:40:21:Infinity":3,"b:24:2:30:Infinity:undefined:undefined:undefined:undefined":1,"s:24:2:30:Infinity":4,"b:24:6:24:22:24:22:24:54":2,"s:25:4:29:Infinity":5,"s:32:14:32:Infinity":6,"s:33:15:33:Infinity":7,"b:33:15:33:48:33:48:33:Infinity":3,"b:34:2:40:Infinity:undefined:undefined:undefined:undefined":4,"s:34:2:40:Infinity":8,"s:35:4:39:Infinity":9,"s:42:2:42:Infinity":10,"s:45:2:45:Infinity":11,"f:45:20:45:21":1,"s:45:29:45:59":12,"s:48:2:52:Infinity":13,"f:55:16:55:26":2,"b:55:62:55:75":5,"s:56:15:56:Infinity":14,"b:56:15:56:43:56:43:56:Infinity":6,"s:57:2:57:Infinity":15}}}
}
